CRITICAL - 2022-03-01 07:22:51 --> Call to a member function request() on null
#0 /Users/muhammadagussuryadi/asryd/PROJECT/codeigniter/mini-project/system/CodeIgniter.php(824): App\Controllers\AuthController->index()
#1 /Users/muhammadagussuryadi/asryd/PROJECT/codeigniter/mini-project/system/CodeIgniter.php(410): CodeIgniter\CodeIgniter->runController(Object(App\Controllers\AuthController))
#2 /Users/muhammadagussuryadi/asryd/PROJECT/codeigniter/mini-project/system/CodeIgniter.php(318): CodeIgniter\CodeIgniter->handleRequest(NULL, Object(Config\Cache), false)
#3 /Users/muhammadagussuryadi/asryd/PROJECT/codeigniter/mini-project/public/index.php(37): CodeIgniter\CodeIgniter->run()
#4 /Users/muhammadagussuryadi/asryd/PROJECT/codeigniter/mini-project/system/Commands/Server/rewrite.php(43): require_once('/Users/muhammad...')
#5 {main}
CRITICAL - 2022-03-01 07:22:55 --> Call to a member function request() on null
#0 /Users/muhammadagussuryadi/asryd/PROJECT/codeigniter/mini-project/system/CodeIgniter.php(824): App\Controllers\AuthController->index()
#1 /Users/muhammadagussuryadi/asryd/PROJECT/codeigniter/mini-project/system/CodeIgniter.php(410): CodeIgniter\CodeIgniter->runController(Object(App\Controllers\AuthController))
#2 /Users/muhammadagussuryadi/asryd/PROJECT/codeigniter/mini-project/system/CodeIgniter.php(318): CodeIgniter\CodeIgniter->handleRequest(NULL, Object(Config\Cache), false)
#3 /Users/muhammadagussuryadi/asryd/PROJECT/codeigniter/mini-project/public/index.php(37): CodeIgniter\CodeIgniter->run()
#4 /Users/muhammadagussuryadi/asryd/PROJECT/codeigniter/mini-project/system/Commands/Server/rewrite.php(43): require_once('/Users/muhammad...')
#5 {main}
CRITICAL - 2022-03-01 07:23:08 --> Call to a member function request() on null
#0 /Users/muhammadagussuryadi/asryd/PROJECT/codeigniter/mini-project/system/CodeIgniter.php(824): App\Controllers\AuthController->index()
#1 /Users/muhammadagussuryadi/asryd/PROJECT/codeigniter/mini-project/system/CodeIgniter.php(410): CodeIgniter\CodeIgniter->runController(Object(App\Controllers\AuthController))
#2 /Users/muhammadagussuryadi/asryd/PROJECT/codeigniter/mini-project/system/CodeIgniter.php(318): CodeIgniter\CodeIgniter->handleRequest(NULL, Object(Config\Cache), false)
#3 /Users/muhammadagussuryadi/asryd/PROJECT/codeigniter/mini-project/public/index.php(37): CodeIgniter\CodeIgniter->run()
#4 /Users/muhammadagussuryadi/asryd/PROJECT/codeigniter/mini-project/system/Commands/Server/rewrite.php(43): require_once('/Users/muhammad...')
#5 {main}
CRITICAL - 2022-03-01 07:24:16 --> Call to a member function request() on null
#0 /Users/muhammadagussuryadi/asryd/PROJECT/codeigniter/mini-project/system/CodeIgniter.php(824): App\Controllers\AuthController->index()
#1 /Users/muhammadagussuryadi/asryd/PROJECT/codeigniter/mini-project/system/CodeIgniter.php(410): CodeIgniter\CodeIgniter->runController(Object(App\Controllers\AuthController))
#2 /Users/muhammadagussuryadi/asryd/PROJECT/codeigniter/mini-project/system/CodeIgniter.php(318): CodeIgniter\CodeIgniter->handleRequest(NULL, Object(Config\Cache), false)
#3 /Users/muhammadagussuryadi/asryd/PROJECT/codeigniter/mini-project/public/index.php(37): CodeIgniter\CodeIgniter->run()
#4 /Users/muhammadagussuryadi/asryd/PROJECT/codeigniter/mini-project/system/Commands/Server/rewrite.php(43): require_once('/Users/muhammad...')
#5 {main}
CRITICAL - 2022-03-01 07:25:03 --> Cannot access protected property CodeIgniter\HTTP\Response::$body
#0 /Users/muhammadagussuryadi/asryd/PROJECT/codeigniter/mini-project/system/CodeIgniter.php(824): App\Controllers\AuthController->index()
#1 /Users/muhammadagussuryadi/asryd/PROJECT/codeigniter/mini-project/system/CodeIgniter.php(410): CodeIgniter\CodeIgniter->runController(Object(App\Controllers\AuthController))
#2 /Users/muhammadagussuryadi/asryd/PROJECT/codeigniter/mini-project/system/CodeIgniter.php(318): CodeIgniter\CodeIgniter->handleRequest(NULL, Object(Config\Cache), false)
#3 /Users/muhammadagussuryadi/asryd/PROJECT/codeigniter/mini-project/public/index.php(37): CodeIgniter\CodeIgniter->run()
#4 /Users/muhammadagussuryadi/asryd/PROJECT/codeigniter/mini-project/system/Commands/Server/rewrite.php(43): require_once('/Users/muhammad...')
#5 {main}
CRITICAL - 2022-03-01 07:25:15 --> Cannot use object of type CodeIgniter\HTTP\Response as array
#0 /Users/muhammadagussuryadi/asryd/PROJECT/codeigniter/mini-project/system/CodeIgniter.php(824): App\Controllers\AuthController->index()
#1 /Users/muhammadagussuryadi/asryd/PROJECT/codeigniter/mini-project/system/CodeIgniter.php(410): CodeIgniter\CodeIgniter->runController(Object(App\Controllers\AuthController))
#2 /Users/muhammadagussuryadi/asryd/PROJECT/codeigniter/mini-project/system/CodeIgniter.php(318): CodeIgniter\CodeIgniter->handleRequest(NULL, Object(Config\Cache), false)
#3 /Users/muhammadagussuryadi/asryd/PROJECT/codeigniter/mini-project/public/index.php(37): CodeIgniter\CodeIgniter->run()
#4 /Users/muhammadagussuryadi/asryd/PROJECT/codeigniter/mini-project/system/Commands/Server/rewrite.php(43): require_once('/Users/muhammad...')
#5 {main}
CRITICAL - 2022-03-01 07:32:16 --> 6 : Could not resolve host: jsonplaceholder.typicode.com
#0 /Users/muhammadagussuryadi/asryd/PROJECT/codeigniter/mini-project/system/HTTP/CURLRequest.php(656): CodeIgniter\HTTP\Exceptions\HTTPException::forCurlError('6', 'Could not resol...')
#1 /Users/muhammadagussuryadi/asryd/PROJECT/codeigniter/mini-project/system/HTTP/CURLRequest.php(364): CodeIgniter\HTTP\CURLRequest->sendRequest(Array)
#2 /Users/muhammadagussuryadi/asryd/PROJECT/codeigniter/mini-project/system/HTTP/CURLRequest.php(140): CodeIgniter\HTTP\CURLRequest->send('get', 'https://jsonpla...')
#3 /Users/muhammadagussuryadi/asryd/PROJECT/codeigniter/mini-project/app/Controllers/AuthController.php(16): CodeIgniter\HTTP\CURLRequest->request('get', 'https://jsonpla...', Array)
#4 /Users/muhammadagussuryadi/asryd/PROJECT/codeigniter/mini-project/system/CodeIgniter.php(824): App\Controllers\AuthController->index()
#5 /Users/muhammadagussuryadi/asryd/PROJECT/codeigniter/mini-project/system/CodeIgniter.php(410): CodeIgniter\CodeIgniter->runController(Object(App\Controllers\AuthController))
#6 /Users/muhammadagussuryadi/asryd/PROJECT/codeigniter/mini-project/system/CodeIgniter.php(318): CodeIgniter\CodeIgniter->handleRequest(NULL, Object(Config\Cache), false)
#7 /Users/muhammadagussuryadi/asryd/PROJECT/codeigniter/mini-project/public/index.php(37): CodeIgniter\CodeIgniter->run()
#8 /Users/muhammadagussuryadi/asryd/PROJECT/codeigniter/mini-project/system/Commands/Server/rewrite.php(43): require_once('/Users/muhammad...')
#9 {main}
CRITICAL - 2022-03-01 07:45:41 --> 22 : The requested URL returned error: 422
#0 /Users/muhammadagussuryadi/asryd/PROJECT/codeigniter/mini-project/system/HTTP/CURLRequest.php(656): CodeIgniter\HTTP\Exceptions\HTTPException::forCurlError('22', 'The requested U...')
#1 /Users/muhammadagussuryadi/asryd/PROJECT/codeigniter/mini-project/system/HTTP/CURLRequest.php(364): CodeIgniter\HTTP\CURLRequest->sendRequest(Array)
#2 /Users/muhammadagussuryadi/asryd/PROJECT/codeigniter/mini-project/system/HTTP/CURLRequest.php(140): CodeIgniter\HTTP\CURLRequest->send('post', 'http://127.0.0....')
#3 /Users/muhammadagussuryadi/asryd/PROJECT/codeigniter/mini-project/app/Controllers/AuthController.php(33): CodeIgniter\HTTP\CURLRequest->request('post', 'http://127.0.0....', Array)
#4 /Users/muhammadagussuryadi/asryd/PROJECT/codeigniter/mini-project/system/CodeIgniter.php(824): App\Controllers\AuthController->post()
#5 /Users/muhammadagussuryadi/asryd/PROJECT/codeigniter/mini-project/system/CodeIgniter.php(410): CodeIgniter\CodeIgniter->runController(Object(App\Controllers\AuthController))
#6 /Users/muhammadagussuryadi/asryd/PROJECT/codeigniter/mini-project/system/CodeIgniter.php(318): CodeIgniter\CodeIgniter->handleRequest(NULL, Object(Config\Cache), false)
#7 /Users/muhammadagussuryadi/asryd/PROJECT/codeigniter/mini-project/public/index.php(37): CodeIgniter\CodeIgniter->run()
#8 /Users/muhammadagussuryadi/asryd/PROJECT/codeigniter/mini-project/system/Commands/Server/rewrite.php(43): require_once('/Users/muhammad...')
#9 {main}
CRITICAL - 2022-03-01 07:46:54 --> 22 : The requested URL returned error: 422
#0 /Users/muhammadagussuryadi/asryd/PROJECT/codeigniter/mini-project/system/HTTP/CURLRequest.php(656): CodeIgniter\HTTP\Exceptions\HTTPException::forCurlError('22', 'The requested U...')
#1 /Users/muhammadagussuryadi/asryd/PROJECT/codeigniter/mini-project/system/HTTP/CURLRequest.php(364): CodeIgniter\HTTP\CURLRequest->sendRequest(Array)
#2 /Users/muhammadagussuryadi/asryd/PROJECT/codeigniter/mini-project/system/HTTP/CURLRequest.php(140): CodeIgniter\HTTP\CURLRequest->send('post', 'http://127.0.0....')
#3 /Users/muhammadagussuryadi/asryd/PROJECT/codeigniter/mini-project/app/Controllers/AuthController.php(33): CodeIgniter\HTTP\CURLRequest->request('post', 'http://127.0.0....', Array)
#4 /Users/muhammadagussuryadi/asryd/PROJECT/codeigniter/mini-project/system/CodeIgniter.php(824): App\Controllers\AuthController->post()
#5 /Users/muhammadagussuryadi/asryd/PROJECT/codeigniter/mini-project/system/CodeIgniter.php(410): CodeIgniter\CodeIgniter->runController(Object(App\Controllers\AuthController))
#6 /Users/muhammadagussuryadi/asryd/PROJECT/codeigniter/mini-project/system/CodeIgniter.php(318): CodeIgniter\CodeIgniter->handleRequest(NULL, Object(Config\Cache), false)
#7 /Users/muhammadagussuryadi/asryd/PROJECT/codeigniter/mini-project/public/index.php(37): CodeIgniter\CodeIgniter->run()
#8 /Users/muhammadagussuryadi/asryd/PROJECT/codeigniter/mini-project/system/Commands/Server/rewrite.php(43): require_once('/Users/muhammad...')
#9 {main}
CRITICAL - 2022-03-01 07:48:39 --> 22 : The requested URL returned error: 422
#0 /Users/muhammadagussuryadi/asryd/PROJECT/codeigniter/mini-project/system/HTTP/CURLRequest.php(656): CodeIgniter\HTTP\Exceptions\HTTPException::forCurlError('22', 'The requested U...')
#1 /Users/muhammadagussuryadi/asryd/PROJECT/codeigniter/mini-project/system/HTTP/CURLRequest.php(364): CodeIgniter\HTTP\CURLRequest->sendRequest(Array)
#2 /Users/muhammadagussuryadi/asryd/PROJECT/codeigniter/mini-project/system/HTTP/CURLRequest.php(140): CodeIgniter\HTTP\CURLRequest->send('post', 'http://127.0.0....')
#3 /Users/muhammadagussuryadi/asryd/PROJECT/codeigniter/mini-project/system/HTTP/CURLRequest.php(210): CodeIgniter\HTTP\CURLRequest->request('post', 'http://127.0.0....', Array)
#4 /Users/muhammadagussuryadi/asryd/PROJECT/codeigniter/mini-project/app/Controllers/AuthController.php(33): CodeIgniter\HTTP\CURLRequest->post('http://127.0.0....', Array)
#5 /Users/muhammadagussuryadi/asryd/PROJECT/codeigniter/mini-project/system/CodeIgniter.php(824): App\Controllers\AuthController->post()
#6 /Users/muhammadagussuryadi/asryd/PROJECT/codeigniter/mini-project/system/CodeIgniter.php(410): CodeIgniter\CodeIgniter->runController(Object(App\Controllers\AuthController))
#7 /Users/muhammadagussuryadi/asryd/PROJECT/codeigniter/mini-project/system/CodeIgniter.php(318): CodeIgniter\CodeIgniter->handleRequest(NULL, Object(Config\Cache), false)
#8 /Users/muhammadagussuryadi/asryd/PROJECT/codeigniter/mini-project/public/index.php(37): CodeIgniter\CodeIgniter->run()
#9 /Users/muhammadagussuryadi/asryd/PROJECT/codeigniter/mini-project/system/Commands/Server/rewrite.php(43): require_once('/Users/muhammad...')
#10 {main}
CRITICAL - 2022-03-01 07:49:00 --> 22 : The requested URL returned error: 422
#0 /Users/muhammadagussuryadi/asryd/PROJECT/codeigniter/mini-project/system/HTTP/CURLRequest.php(656): CodeIgniter\HTTP\Exceptions\HTTPException::forCurlError('22', 'The requested U...')
#1 /Users/muhammadagussuryadi/asryd/PROJECT/codeigniter/mini-project/system/HTTP/CURLRequest.php(364): CodeIgniter\HTTP\CURLRequest->sendRequest(Array)
#2 /Users/muhammadagussuryadi/asryd/PROJECT/codeigniter/mini-project/system/HTTP/CURLRequest.php(140): CodeIgniter\HTTP\CURLRequest->send('post', 'http://127.0.0....')
#3 /Users/muhammadagussuryadi/asryd/PROJECT/codeigniter/mini-project/system/HTTP/CURLRequest.php(210): CodeIgniter\HTTP\CURLRequest->request('post', 'http://127.0.0....', Array)
#4 /Users/muhammadagussuryadi/asryd/PROJECT/codeigniter/mini-project/app/Controllers/AuthController.php(33): CodeIgniter\HTTP\CURLRequest->post('http://127.0.0....', Array)
#5 /Users/muhammadagussuryadi/asryd/PROJECT/codeigniter/mini-project/system/CodeIgniter.php(824): App\Controllers\AuthController->post()
#6 /Users/muhammadagussuryadi/asryd/PROJECT/codeigniter/mini-project/system/CodeIgniter.php(410): CodeIgniter\CodeIgniter->runController(Object(App\Controllers\AuthController))
#7 /Users/muhammadagussuryadi/asryd/PROJECT/codeigniter/mini-project/system/CodeIgniter.php(318): CodeIgniter\CodeIgniter->handleRequest(NULL, Object(Config\Cache), false)
#8 /Users/muhammadagussuryadi/asryd/PROJECT/codeigniter/mini-project/public/index.php(37): CodeIgniter\CodeIgniter->run()
#9 /Users/muhammadagussuryadi/asryd/PROJECT/codeigniter/mini-project/system/Commands/Server/rewrite.php(43): require_once('/Users/muhammad...')
#10 {main}
CRITICAL - 2022-03-01 07:50:45 --> 22 : The requested URL returned error: 422
#0 /Users/muhammadagussuryadi/asryd/PROJECT/codeigniter/mini-project/system/HTTP/CURLRequest.php(656): CodeIgniter\HTTP\Exceptions\HTTPException::forCurlError('22', 'The requested U...')
#1 /Users/muhammadagussuryadi/asryd/PROJECT/codeigniter/mini-project/system/HTTP/CURLRequest.php(364): CodeIgniter\HTTP\CURLRequest->sendRequest(Array)
#2 /Users/muhammadagussuryadi/asryd/PROJECT/codeigniter/mini-project/system/HTTP/CURLRequest.php(140): CodeIgniter\HTTP\CURLRequest->send('post', 'http://127.0.0....')
#3 /Users/muhammadagussuryadi/asryd/PROJECT/codeigniter/mini-project/system/HTTP/CURLRequest.php(210): CodeIgniter\HTTP\CURLRequest->request('post', 'http://127.0.0....', Array)
#4 /Users/muhammadagussuryadi/asryd/PROJECT/codeigniter/mini-project/app/Controllers/AuthController.php(33): CodeIgniter\HTTP\CURLRequest->post('http://127.0.0....', Array)
#5 /Users/muhammadagussuryadi/asryd/PROJECT/codeigniter/mini-project/system/CodeIgniter.php(824): App\Controllers\AuthController->post()
#6 /Users/muhammadagussuryadi/asryd/PROJECT/codeigniter/mini-project/system/CodeIgniter.php(410): CodeIgniter\CodeIgniter->runController(Object(App\Controllers\AuthController))
#7 /Users/muhammadagussuryadi/asryd/PROJECT/codeigniter/mini-project/system/CodeIgniter.php(318): CodeIgniter\CodeIgniter->handleRequest(NULL, Object(Config\Cache), false)
#8 /Users/muhammadagussuryadi/asryd/PROJECT/codeigniter/mini-project/public/index.php(37): CodeIgniter\CodeIgniter->run()
#9 /Users/muhammadagussuryadi/asryd/PROJECT/codeigniter/mini-project/system/Commands/Server/rewrite.php(43): require_once('/Users/muhammad...')
#10 {main}
CRITICAL - 2022-03-01 07:55:43 --> Call to a member function data() on string
#0 /Users/muhammadagussuryadi/asryd/PROJECT/codeigniter/mini-project/system/CodeIgniter.php(824): App\Controllers\AuthController->post()
#1 /Users/muhammadagussuryadi/asryd/PROJECT/codeigniter/mini-project/system/CodeIgniter.php(410): CodeIgniter\CodeIgniter->runController(Object(App\Controllers\AuthController))
#2 /Users/muhammadagussuryadi/asryd/PROJECT/codeigniter/mini-project/system/CodeIgniter.php(318): CodeIgniter\CodeIgniter->handleRequest(NULL, Object(Config\Cache), false)
#3 /Users/muhammadagussuryadi/asryd/PROJECT/codeigniter/mini-project/public/index.php(37): CodeIgniter\CodeIgniter->run()
#4 /Users/muhammadagussuryadi/asryd/PROJECT/codeigniter/mini-project/system/Commands/Server/rewrite.php(43): require_once('/Users/muhammad...')
#5 {main}
CRITICAL - 2022-03-01 07:55:56 --> syntax error, unexpected ';', expecting ')'
#0 /Users/muhammadagussuryadi/asryd/PROJECT/codeigniter/mini-project/system/Autoloader/Autoloader.php(241): CodeIgniter\Autoloader\Autoloader->includeFile('/Users/muhammad...')
#1 /Users/muhammadagussuryadi/asryd/PROJECT/codeigniter/mini-project/system/Autoloader/Autoloader.php(219): CodeIgniter\Autoloader\Autoloader->loadInNamespace('App\\Controllers...')
#2 [internal function]: CodeIgniter\Autoloader\Autoloader->loadClass('App\\Controllers...')
#3 [internal function]: spl_autoload_call('App\\Controllers...')
#4 /Users/muhammadagussuryadi/asryd/PROJECT/codeigniter/mini-project/system/CodeIgniter.php(789): class_exists('\\App\\Controller...', true)
#5 /Users/muhammadagussuryadi/asryd/PROJECT/codeigniter/mini-project/system/CodeIgniter.php(397): CodeIgniter\CodeIgniter->startController()
#6 /Users/muhammadagussuryadi/asryd/PROJECT/codeigniter/mini-project/system/CodeIgniter.php(318): CodeIgniter\CodeIgniter->handleRequest(NULL, Object(Config\Cache), false)
#7 /Users/muhammadagussuryadi/asryd/PROJECT/codeigniter/mini-project/public/index.php(37): CodeIgniter\CodeIgniter->run()
#8 /Users/muhammadagussuryadi/asryd/PROJECT/codeigniter/mini-project/system/Commands/Server/rewrite.php(43): require_once('/Users/muhammad...')
#9 {main}
CRITICAL - 2022-03-01 07:57:10 --> Call to a member function statusCode() on string
#0 /Users/muhammadagussuryadi/asryd/PROJECT/codeigniter/mini-project/system/CodeIgniter.php(824): App\Controllers\AuthController->post()
#1 /Users/muhammadagussuryadi/asryd/PROJECT/codeigniter/mini-project/system/CodeIgniter.php(410): CodeIgniter\CodeIgniter->runController(Object(App\Controllers\AuthController))
#2 /Users/muhammadagussuryadi/asryd/PROJECT/codeigniter/mini-project/system/CodeIgniter.php(318): CodeIgniter\CodeIgniter->handleRequest(NULL, Object(Config\Cache), false)
#3 /Users/muhammadagussuryadi/asryd/PROJECT/codeigniter/mini-project/public/index.php(37): CodeIgniter\CodeIgniter->run()
#4 /Users/muhammadagussuryadi/asryd/PROJECT/codeigniter/mini-project/system/Commands/Server/rewrite.php(43): require_once('/Users/muhammad...')
#5 {main}
CRITICAL - 2022-03-01 07:58:55 --> Cannot use object of type CodeIgniter\HTTP\Response as array
#0 /Users/muhammadagussuryadi/asryd/PROJECT/codeigniter/mini-project/system/CodeIgniter.php(824): App\Controllers\AuthController->post()
#1 /Users/muhammadagussuryadi/asryd/PROJECT/codeigniter/mini-project/system/CodeIgniter.php(410): CodeIgniter\CodeIgniter->runController(Object(App\Controllers\AuthController))
#2 /Users/muhammadagussuryadi/asryd/PROJECT/codeigniter/mini-project/system/CodeIgniter.php(318): CodeIgniter\CodeIgniter->handleRequest(NULL, Object(Config\Cache), false)
#3 /Users/muhammadagussuryadi/asryd/PROJECT/codeigniter/mini-project/public/index.php(37): CodeIgniter\CodeIgniter->run()
#4 /Users/muhammadagussuryadi/asryd/PROJECT/codeigniter/mini-project/system/Commands/Server/rewrite.php(43): require_once('/Users/muhammad...')
#5 {main}
CRITICAL - 2022-03-01 09:28:15 --> 22 : The requested URL returned error: 422
#0 /Users/muhammadagussuryadi/asryd/PROJECT/codeigniter/mini-project/system/HTTP/CURLRequest.php(656): CodeIgniter\HTTP\Exceptions\HTTPException::forCurlError('22', 'The requested U...')
#1 /Users/muhammadagussuryadi/asryd/PROJECT/codeigniter/mini-project/system/HTTP/CURLRequest.php(364): CodeIgniter\HTTP\CURLRequest->sendRequest(Array)
#2 /Users/muhammadagussuryadi/asryd/PROJECT/codeigniter/mini-project/system/HTTP/CURLRequest.php(140): CodeIgniter\HTTP\CURLRequest->send('post', 'http://127.0.0....')
#3 /Users/muhammadagussuryadi/asryd/PROJECT/codeigniter/mini-project/system/HTTP/CURLRequest.php(210): CodeIgniter\HTTP\CURLRequest->request('post', 'http://127.0.0....', Array)
#4 /Users/muhammadagussuryadi/asryd/PROJECT/codeigniter/mini-project/app/Controllers/AuthController.php(33): CodeIgniter\HTTP\CURLRequest->post('http://127.0.0....', Array)
#5 /Users/muhammadagussuryadi/asryd/PROJECT/codeigniter/mini-project/system/CodeIgniter.php(824): App\Controllers\AuthController->post()
#6 /Users/muhammadagussuryadi/asryd/PROJECT/codeigniter/mini-project/system/CodeIgniter.php(410): CodeIgniter\CodeIgniter->runController(Object(App\Controllers\AuthController))
#7 /Users/muhammadagussuryadi/asryd/PROJECT/codeigniter/mini-project/system/CodeIgniter.php(318): CodeIgniter\CodeIgniter->handleRequest(NULL, Object(Config\Cache), false)
#8 /Users/muhammadagussuryadi/asryd/PROJECT/codeigniter/mini-project/public/index.php(37): CodeIgniter\CodeIgniter->run()
#9 /Users/muhammadagussuryadi/asryd/PROJECT/codeigniter/mini-project/system/Commands/Server/rewrite.php(43): require_once('/Users/muhammad...')
#10 {main}
CRITICAL - 2022-03-01 09:41:32 --> authfilter filter must have a matching alias defined.
#0 /Users/muhammadagussuryadi/asryd/PROJECT/codeigniter/mini-project/system/Filters/Filters.php(340): CodeIgniter\Filters\Exceptions\FilterException::forNoAlias('authfilter')
#1 /Users/muhammadagussuryadi/asryd/PROJECT/codeigniter/mini-project/system/CodeIgniter.php(375): CodeIgniter\Filters\Filters->enableFilter('authfilter', 'before')
#2 /Users/muhammadagussuryadi/asryd/PROJECT/codeigniter/mini-project/system/CodeIgniter.php(318): CodeIgniter\CodeIgniter->handleRequest(NULL, Object(Config\Cache), false)
#3 /Users/muhammadagussuryadi/asryd/PROJECT/codeigniter/mini-project/public/index.php(37): CodeIgniter\CodeIgniter->run()
#4 /Users/muhammadagussuryadi/asryd/PROJECT/codeigniter/mini-project/system/Commands/Server/rewrite.php(43): require_once('/Users/muhammad...')
#5 {main}
CRITICAL - 2022-03-01 09:44:22 --> 22 : The requested URL returned error: 401
#0 /Users/muhammadagussuryadi/asryd/PROJECT/codeigniter/mini-project/system/HTTP/CURLRequest.php(656): CodeIgniter\HTTP\Exceptions\HTTPException::forCurlError('22', 'The requested U...')
#1 /Users/muhammadagussuryadi/asryd/PROJECT/codeigniter/mini-project/system/HTTP/CURLRequest.php(364): CodeIgniter\HTTP\CURLRequest->sendRequest(Array)
#2 /Users/muhammadagussuryadi/asryd/PROJECT/codeigniter/mini-project/system/HTTP/CURLRequest.php(140): CodeIgniter\HTTP\CURLRequest->send('post', 'http://127.0.0....')
#3 /Users/muhammadagussuryadi/asryd/PROJECT/codeigniter/mini-project/system/HTTP/CURLRequest.php(210): CodeIgniter\HTTP\CURLRequest->request('post', 'http://127.0.0....', Array)
#4 /Users/muhammadagussuryadi/asryd/PROJECT/codeigniter/mini-project/app/Controllers/AuthController.php(29): CodeIgniter\HTTP\CURLRequest->post('http://127.0.0....', Array)
#5 /Users/muhammadagussuryadi/asryd/PROJECT/codeigniter/mini-project/system/CodeIgniter.php(824): App\Controllers\AuthController->post()
#6 /Users/muhammadagussuryadi/asryd/PROJECT/codeigniter/mini-project/system/CodeIgniter.php(410): CodeIgniter\CodeIgniter->runController(Object(App\Controllers\AuthController))
#7 /Users/muhammadagussuryadi/asryd/PROJECT/codeigniter/mini-project/system/CodeIgniter.php(318): CodeIgniter\CodeIgniter->handleRequest(NULL, Object(Config\Cache), false)
#8 /Users/muhammadagussuryadi/asryd/PROJECT/codeigniter/mini-project/public/index.php(37): CodeIgniter\CodeIgniter->run()
#9 /Users/muhammadagussuryadi/asryd/PROJECT/codeigniter/mini-project/system/Commands/Server/rewrite.php(43): require_once('/Users/muhammad...')
#10 {main}
CRITICAL - 2022-03-01 09:44:46 --> 22 : The requested URL returned error: 401
#0 /Users/muhammadagussuryadi/asryd/PROJECT/codeigniter/mini-project/system/HTTP/CURLRequest.php(656): CodeIgniter\HTTP\Exceptions\HTTPException::forCurlError('22', 'The requested U...')
#1 /Users/muhammadagussuryadi/asryd/PROJECT/codeigniter/mini-project/system/HTTP/CURLRequest.php(364): CodeIgniter\HTTP\CURLRequest->sendRequest(Array)
#2 /Users/muhammadagussuryadi/asryd/PROJECT/codeigniter/mini-project/system/HTTP/CURLRequest.php(140): CodeIgniter\HTTP\CURLRequest->send('post', 'http://127.0.0....')
#3 /Users/muhammadagussuryadi/asryd/PROJECT/codeigniter/mini-project/system/HTTP/CURLRequest.php(210): CodeIgniter\HTTP\CURLRequest->request('post', 'http://127.0.0....', Array)
#4 /Users/muhammadagussuryadi/asryd/PROJECT/codeigniter/mini-project/app/Controllers/AuthController.php(29): CodeIgniter\HTTP\CURLRequest->post('http://127.0.0....', Array)
#5 /Users/muhammadagussuryadi/asryd/PROJECT/codeigniter/mini-project/system/CodeIgniter.php(824): App\Controllers\AuthController->post()
#6 /Users/muhammadagussuryadi/asryd/PROJECT/codeigniter/mini-project/system/CodeIgniter.php(410): CodeIgniter\CodeIgniter->runController(Object(App\Controllers\AuthController))
#7 /Users/muhammadagussuryadi/asryd/PROJECT/codeigniter/mini-project/system/CodeIgniter.php(318): CodeIgniter\CodeIgniter->handleRequest(NULL, Object(Config\Cache), false)
#8 /Users/muhammadagussuryadi/asryd/PROJECT/codeigniter/mini-project/public/index.php(37): CodeIgniter\CodeIgniter->run()
#9 /Users/muhammadagussuryadi/asryd/PROJECT/codeigniter/mini-project/system/Commands/Server/rewrite.php(43): require_once('/Users/muhammad...')
#10 {main}
CRITICAL - 2022-03-01 09:45:06 --> 22 : The requested URL returned error: 401
#0 /Users/muhammadagussuryadi/asryd/PROJECT/codeigniter/mini-project/system/HTTP/CURLRequest.php(656): CodeIgniter\HTTP\Exceptions\HTTPException::forCurlError('22', 'The requested U...')
#1 /Users/muhammadagussuryadi/asryd/PROJECT/codeigniter/mini-project/system/HTTP/CURLRequest.php(364): CodeIgniter\HTTP\CURLRequest->sendRequest(Array)
#2 /Users/muhammadagussuryadi/asryd/PROJECT/codeigniter/mini-project/system/HTTP/CURLRequest.php(140): CodeIgniter\HTTP\CURLRequest->send('post', 'http://127.0.0....')
#3 /Users/muhammadagussuryadi/asryd/PROJECT/codeigniter/mini-project/system/HTTP/CURLRequest.php(210): CodeIgniter\HTTP\CURLRequest->request('post', 'http://127.0.0....', Array)
#4 /Users/muhammadagussuryadi/asryd/PROJECT/codeigniter/mini-project/app/Controllers/AuthController.php(29): CodeIgniter\HTTP\CURLRequest->post('http://127.0.0....', Array)
#5 /Users/muhammadagussuryadi/asryd/PROJECT/codeigniter/mini-project/system/CodeIgniter.php(824): App\Controllers\AuthController->post()
#6 /Users/muhammadagussuryadi/asryd/PROJECT/codeigniter/mini-project/system/CodeIgniter.php(410): CodeIgniter\CodeIgniter->runController(Object(App\Controllers\AuthController))
#7 /Users/muhammadagussuryadi/asryd/PROJECT/codeigniter/mini-project/system/CodeIgniter.php(318): CodeIgniter\CodeIgniter->handleRequest(NULL, Object(Config\Cache), false)
#8 /Users/muhammadagussuryadi/asryd/PROJECT/codeigniter/mini-project/public/index.php(37): CodeIgniter\CodeIgniter->run()
#9 /Users/muhammadagussuryadi/asryd/PROJECT/codeigniter/mini-project/system/Commands/Server/rewrite.php(43): require_once('/Users/muhammad...')
#10 {main}
CRITICAL - 2022-03-01 09:48:14 --> 22 : The requested URL returned error: 401
#0 /Users/muhammadagussuryadi/asryd/PROJECT/codeigniter/mini-project/system/HTTP/CURLRequest.php(656): CodeIgniter\HTTP\Exceptions\HTTPException::forCurlError('22', 'The requested U...')
#1 /Users/muhammadagussuryadi/asryd/PROJECT/codeigniter/mini-project/system/HTTP/CURLRequest.php(364): CodeIgniter\HTTP\CURLRequest->sendRequest(Array)
#2 /Users/muhammadagussuryadi/asryd/PROJECT/codeigniter/mini-project/system/HTTP/CURLRequest.php(140): CodeIgniter\HTTP\CURLRequest->send('post', 'http://127.0.0....')
#3 /Users/muhammadagussuryadi/asryd/PROJECT/codeigniter/mini-project/system/HTTP/CURLRequest.php(210): CodeIgniter\HTTP\CURLRequest->request('post', 'http://127.0.0....', Array)
#4 /Users/muhammadagussuryadi/asryd/PROJECT/codeigniter/mini-project/app/Controllers/AuthController.php(29): CodeIgniter\HTTP\CURLRequest->post('http://127.0.0....', Array)
#5 /Users/muhammadagussuryadi/asryd/PROJECT/codeigniter/mini-project/system/CodeIgniter.php(824): App\Controllers\AuthController->post()
#6 /Users/muhammadagussuryadi/asryd/PROJECT/codeigniter/mini-project/system/CodeIgniter.php(410): CodeIgniter\CodeIgniter->runController(Object(App\Controllers\AuthController))
#7 /Users/muhammadagussuryadi/asryd/PROJECT/codeigniter/mini-project/system/CodeIgniter.php(318): CodeIgniter\CodeIgniter->handleRequest(NULL, Object(Config\Cache), false)
#8 /Users/muhammadagussuryadi/asryd/PROJECT/codeigniter/mini-project/public/index.php(37): CodeIgniter\CodeIgniter->run()
#9 /Users/muhammadagussuryadi/asryd/PROJECT/codeigniter/mini-project/system/Commands/Server/rewrite.php(43): require_once('/Users/muhammad...')
#10 {main}
CRITICAL - 2022-03-01 09:58:43 --> Invalid file: barang.php
#0 /Users/muhammadagussuryadi/asryd/PROJECT/codeigniter/mini-project/system/View/View.php(198): CodeIgniter\Exceptions\FrameworkException::forInvalidFile('barang.php')
#1 /Users/muhammadagussuryadi/asryd/PROJECT/codeigniter/mini-project/system/Common.php(1097): CodeIgniter\View\View->render('barang', Array, true)
#2 /Users/muhammadagussuryadi/asryd/PROJECT/codeigniter/mini-project/app/Controllers/BarangController.php(23): view('barang', Array)
#3 /Users/muhammadagussuryadi/asryd/PROJECT/codeigniter/mini-project/system/CodeIgniter.php(824): App\Controllers\BarangController->index()
#4 /Users/muhammadagussuryadi/asryd/PROJECT/codeigniter/mini-project/system/CodeIgniter.php(410): CodeIgniter\CodeIgniter->runController(Object(App\Controllers\BarangController))
#5 /Users/muhammadagussuryadi/asryd/PROJECT/codeigniter/mini-project/system/CodeIgniter.php(318): CodeIgniter\CodeIgniter->handleRequest(NULL, Object(Config\Cache), false)
#6 /Users/muhammadagussuryadi/asryd/PROJECT/codeigniter/mini-project/public/index.php(37): CodeIgniter\CodeIgniter->run()
#7 /Users/muhammadagussuryadi/asryd/PROJECT/codeigniter/mini-project/system/Commands/Server/rewrite.php(43): require_once('/Users/muhammad...')
#8 {main}
CRITICAL - 2022-03-01 09:59:13 --> Invalid file: barang.php
#0 /Users/muhammadagussuryadi/asryd/PROJECT/codeigniter/mini-project/system/View/View.php(198): CodeIgniter\Exceptions\FrameworkException::forInvalidFile('barang.php')
#1 /Users/muhammadagussuryadi/asryd/PROJECT/codeigniter/mini-project/system/Common.php(1097): CodeIgniter\View\View->render('barang', Array, true)
#2 /Users/muhammadagussuryadi/asryd/PROJECT/codeigniter/mini-project/app/Controllers/BarangController.php(23): view('barang', Array)
#3 /Users/muhammadagussuryadi/asryd/PROJECT/codeigniter/mini-project/system/CodeIgniter.php(824): App\Controllers\BarangController->index()
#4 /Users/muhammadagussuryadi/asryd/PROJECT/codeigniter/mini-project/system/CodeIgniter.php(410): CodeIgniter\CodeIgniter->runController(Object(App\Controllers\BarangController))
#5 /Users/muhammadagussuryadi/asryd/PROJECT/codeigniter/mini-project/system/CodeIgniter.php(318): CodeIgniter\CodeIgniter->handleRequest(NULL, Object(Config\Cache), false)
#6 /Users/muhammadagussuryadi/asryd/PROJECT/codeigniter/mini-project/public/index.php(37): CodeIgniter\CodeIgniter->run()
#7 /Users/muhammadagussuryadi/asryd/PROJECT/codeigniter/mini-project/system/Commands/Server/rewrite.php(43): require_once('/Users/muhammad...')
#8 {main}
CRITICAL - 2022-03-01 10:08:06 --> Invalid file: pelanggan.php
#0 /Users/muhammadagussuryadi/asryd/PROJECT/codeigniter/mini-project/system/View/View.php(198): CodeIgniter\Exceptions\FrameworkException::forInvalidFile('pelanggan.php')
#1 /Users/muhammadagussuryadi/asryd/PROJECT/codeigniter/mini-project/system/Common.php(1097): CodeIgniter\View\View->render('pelanggan', Array, true)
#2 /Users/muhammadagussuryadi/asryd/PROJECT/codeigniter/mini-project/app/Controllers/PelangganController.php(20): view('pelanggan', Array)
#3 /Users/muhammadagussuryadi/asryd/PROJECT/codeigniter/mini-project/system/CodeIgniter.php(824): App\Controllers\PelangganController->index()
#4 /Users/muhammadagussuryadi/asryd/PROJECT/codeigniter/mini-project/system/CodeIgniter.php(410): CodeIgniter\CodeIgniter->runController(Object(App\Controllers\PelangganController))
#5 /Users/muhammadagussuryadi/asryd/PROJECT/codeigniter/mini-project/system/CodeIgniter.php(318): CodeIgniter\CodeIgniter->handleRequest(NULL, Object(Config\Cache), false)
#6 /Users/muhammadagussuryadi/asryd/PROJECT/codeigniter/mini-project/public/index.php(37): CodeIgniter\CodeIgniter->run()
#7 /Users/muhammadagussuryadi/asryd/PROJECT/codeigniter/mini-project/system/Commands/Server/rewrite.php(43): require_once('/Users/muhammad...')
#8 {main}
CRITICAL - 2022-03-01 10:09:04 --> Invalid file: pelanggan.php
#0 /Users/muhammadagussuryadi/asryd/PROJECT/codeigniter/mini-project/system/View/View.php(198): CodeIgniter\Exceptions\FrameworkException::forInvalidFile('pelanggan.php')
#1 /Users/muhammadagussuryadi/asryd/PROJECT/codeigniter/mini-project/system/Common.php(1097): CodeIgniter\View\View->render('pelanggan', Array, true)
#2 /Users/muhammadagussuryadi/asryd/PROJECT/codeigniter/mini-project/app/Controllers/PelangganController.php(20): view('pelanggan', Array)
#3 /Users/muhammadagussuryadi/asryd/PROJECT/codeigniter/mini-project/system/CodeIgniter.php(824): App\Controllers\PelangganController->index()
#4 /Users/muhammadagussuryadi/asryd/PROJECT/codeigniter/mini-project/system/CodeIgniter.php(410): CodeIgniter\CodeIgniter->runController(Object(App\Controllers\PelangganController))
#5 /Users/muhammadagussuryadi/asryd/PROJECT/codeigniter/mini-project/system/CodeIgniter.php(318): CodeIgniter\CodeIgniter->handleRequest(NULL, Object(Config\Cache), false)
#6 /Users/muhammadagussuryadi/asryd/PROJECT/codeigniter/mini-project/public/index.php(37): CodeIgniter\CodeIgniter->run()
#7 /Users/muhammadagussuryadi/asryd/PROJECT/codeigniter/mini-project/system/Commands/Server/rewrite.php(43): require_once('/Users/muhammad...')
#8 {main}
CRITICAL - 2022-03-01 10:43:50 --> 22 : The requested URL returned error: 401
#0 /Users/muhammadagussuryadi/asryd/PROJECT/codeigniter/mini-project/system/HTTP/CURLRequest.php(656): CodeIgniter\HTTP\Exceptions\HTTPException::forCurlError('22', 'The requested U...')
#1 /Users/muhammadagussuryadi/asryd/PROJECT/codeigniter/mini-project/system/HTTP/CURLRequest.php(364): CodeIgniter\HTTP\CURLRequest->sendRequest(Array)
#2 /Users/muhammadagussuryadi/asryd/PROJECT/codeigniter/mini-project/system/HTTP/CURLRequest.php(140): CodeIgniter\HTTP\CURLRequest->send('get', 'http://127.0.0....')
#3 /Users/muhammadagussuryadi/asryd/PROJECT/codeigniter/mini-project/system/HTTP/CURLRequest.php(170): CodeIgniter\HTTP\CURLRequest->request('get', 'http://127.0.0....', Array)
#4 /Users/muhammadagussuryadi/asryd/PROJECT/codeigniter/mini-project/app/Controllers/PelangganController.php(29): CodeIgniter\HTTP\CURLRequest->get('http://127.0.0....', Array)
#5 /Users/muhammadagussuryadi/asryd/PROJECT/codeigniter/mini-project/app/Controllers/PelangganController.php(22): App\Controllers\PelangganController->get()
#6 /Users/muhammadagussuryadi/asryd/PROJECT/codeigniter/mini-project/system/CodeIgniter.php(824): App\Controllers\PelangganController->index()
#7 /Users/muhammadagussuryadi/asryd/PROJECT/codeigniter/mini-project/system/CodeIgniter.php(410): CodeIgniter\CodeIgniter->runController(Object(App\Controllers\PelangganController))
#8 /Users/muhammadagussuryadi/asryd/PROJECT/codeigniter/mini-project/system/CodeIgniter.php(318): CodeIgniter\CodeIgniter->handleRequest(NULL, Object(Config\Cache), false)
#9 /Users/muhammadagussuryadi/asryd/PROJECT/codeigniter/mini-project/public/index.php(37): CodeIgniter\CodeIgniter->run()
#10 /Users/muhammadagussuryadi/asryd/PROJECT/codeigniter/mini-project/system/Commands/Server/rewrite.php(43): require_once('/Users/muhammad...')
#11 {main}
CRITICAL - 2022-03-01 10:45:10 --> 22 : The requested URL returned error: 401
#0 /Users/muhammadagussuryadi/asryd/PROJECT/codeigniter/mini-project/system/HTTP/CURLRequest.php(656): CodeIgniter\HTTP\Exceptions\HTTPException::forCurlError('22', 'The requested U...')
#1 /Users/muhammadagussuryadi/asryd/PROJECT/codeigniter/mini-project/system/HTTP/CURLRequest.php(364): CodeIgniter\HTTP\CURLRequest->sendRequest(Array)
#2 /Users/muhammadagussuryadi/asryd/PROJECT/codeigniter/mini-project/system/HTTP/CURLRequest.php(140): CodeIgniter\HTTP\CURLRequest->send('get', 'http://127.0.0....')
#3 /Users/muhammadagussuryadi/asryd/PROJECT/codeigniter/mini-project/system/HTTP/CURLRequest.php(170): CodeIgniter\HTTP\CURLRequest->request('get', 'http://127.0.0....', Array)
#4 /Users/muhammadagussuryadi/asryd/PROJECT/codeigniter/mini-project/app/Controllers/PelangganController.php(30): CodeIgniter\HTTP\CURLRequest->get('http://127.0.0....', Array)
#5 /Users/muhammadagussuryadi/asryd/PROJECT/codeigniter/mini-project/app/Controllers/PelangganController.php(22): App\Controllers\PelangganController->get()
#6 /Users/muhammadagussuryadi/asryd/PROJECT/codeigniter/mini-project/system/CodeIgniter.php(824): App\Controllers\PelangganController->index()
#7 /Users/muhammadagussuryadi/asryd/PROJECT/codeigniter/mini-project/system/CodeIgniter.php(410): CodeIgniter\CodeIgniter->runController(Object(App\Controllers\PelangganController))
#8 /Users/muhammadagussuryadi/asryd/PROJECT/codeigniter/mini-project/system/CodeIgniter.php(318): CodeIgniter\CodeIgniter->handleRequest(NULL, Object(Config\Cache), false)
#9 /Users/muhammadagussuryadi/asryd/PROJECT/codeigniter/mini-project/public/index.php(37): CodeIgniter\CodeIgniter->run()
#10 /Users/muhammadagussuryadi/asryd/PROJECT/codeigniter/mini-project/system/Commands/Server/rewrite.php(43): require_once('/Users/muhammad...')
#11 {main}
CRITICAL - 2022-03-01 10:45:12 --> 22 : The requested URL returned error: 401
#0 /Users/muhammadagussuryadi/asryd/PROJECT/codeigniter/mini-project/system/HTTP/CURLRequest.php(656): CodeIgniter\HTTP\Exceptions\HTTPException::forCurlError('22', 'The requested U...')
#1 /Users/muhammadagussuryadi/asryd/PROJECT/codeigniter/mini-project/system/HTTP/CURLRequest.php(364): CodeIgniter\HTTP\CURLRequest->sendRequest(Array)
#2 /Users/muhammadagussuryadi/asryd/PROJECT/codeigniter/mini-project/system/HTTP/CURLRequest.php(140): CodeIgniter\HTTP\CURLRequest->send('get', 'http://127.0.0....')
#3 /Users/muhammadagussuryadi/asryd/PROJECT/codeigniter/mini-project/system/HTTP/CURLRequest.php(170): CodeIgniter\HTTP\CURLRequest->request('get', 'http://127.0.0....', Array)
#4 /Users/muhammadagussuryadi/asryd/PROJECT/codeigniter/mini-project/app/Controllers/PelangganController.php(30): CodeIgniter\HTTP\CURLRequest->get('http://127.0.0....', Array)
#5 /Users/muhammadagussuryadi/asryd/PROJECT/codeigniter/mini-project/app/Controllers/PelangganController.php(22): App\Controllers\PelangganController->get()
#6 /Users/muhammadagussuryadi/asryd/PROJECT/codeigniter/mini-project/system/CodeIgniter.php(824): App\Controllers\PelangganController->index()
#7 /Users/muhammadagussuryadi/asryd/PROJECT/codeigniter/mini-project/system/CodeIgniter.php(410): CodeIgniter\CodeIgniter->runController(Object(App\Controllers\PelangganController))
#8 /Users/muhammadagussuryadi/asryd/PROJECT/codeigniter/mini-project/system/CodeIgniter.php(318): CodeIgniter\CodeIgniter->handleRequest(NULL, Object(Config\Cache), false)
#9 /Users/muhammadagussuryadi/asryd/PROJECT/codeigniter/mini-project/public/index.php(37): CodeIgniter\CodeIgniter->run()
#10 /Users/muhammadagussuryadi/asryd/PROJECT/codeigniter/mini-project/system/Commands/Server/rewrite.php(43): require_once('/Users/muhammad...')
#11 {main}
CRITICAL - 2022-03-01 10:45:12 --> 22 : The requested URL returned error: 401
#0 /Users/muhammadagussuryadi/asryd/PROJECT/codeigniter/mini-project/system/HTTP/CURLRequest.php(656): CodeIgniter\HTTP\Exceptions\HTTPException::forCurlError('22', 'The requested U...')
#1 /Users/muhammadagussuryadi/asryd/PROJECT/codeigniter/mini-project/system/HTTP/CURLRequest.php(364): CodeIgniter\HTTP\CURLRequest->sendRequest(Array)
#2 /Users/muhammadagussuryadi/asryd/PROJECT/codeigniter/mini-project/system/HTTP/CURLRequest.php(140): CodeIgniter\HTTP\CURLRequest->send('get', 'http://127.0.0....')
#3 /Users/muhammadagussuryadi/asryd/PROJECT/codeigniter/mini-project/system/HTTP/CURLRequest.php(170): CodeIgniter\HTTP\CURLRequest->request('get', 'http://127.0.0....', Array)
#4 /Users/muhammadagussuryadi/asryd/PROJECT/codeigniter/mini-project/app/Controllers/PelangganController.php(30): CodeIgniter\HTTP\CURLRequest->get('http://127.0.0....', Array)
#5 /Users/muhammadagussuryadi/asryd/PROJECT/codeigniter/mini-project/app/Controllers/PelangganController.php(22): App\Controllers\PelangganController->get()
#6 /Users/muhammadagussuryadi/asryd/PROJECT/codeigniter/mini-project/system/CodeIgniter.php(824): App\Controllers\PelangganController->index()
#7 /Users/muhammadagussuryadi/asryd/PROJECT/codeigniter/mini-project/system/CodeIgniter.php(410): CodeIgniter\CodeIgniter->runController(Object(App\Controllers\PelangganController))
#8 /Users/muhammadagussuryadi/asryd/PROJECT/codeigniter/mini-project/system/CodeIgniter.php(318): CodeIgniter\CodeIgniter->handleRequest(NULL, Object(Config\Cache), false)
#9 /Users/muhammadagussuryadi/asryd/PROJECT/codeigniter/mini-project/public/index.php(37): CodeIgniter\CodeIgniter->run()
#10 /Users/muhammadagussuryadi/asryd/PROJECT/codeigniter/mini-project/system/Commands/Server/rewrite.php(43): require_once('/Users/muhammad...')
#11 {main}
CRITICAL - 2022-03-01 10:45:13 --> 22 : The requested URL returned error: 401
#0 /Users/muhammadagussuryadi/asryd/PROJECT/codeigniter/mini-project/system/HTTP/CURLRequest.php(656): CodeIgniter\HTTP\Exceptions\HTTPException::forCurlError('22', 'The requested U...')
#1 /Users/muhammadagussuryadi/asryd/PROJECT/codeigniter/mini-project/system/HTTP/CURLRequest.php(364): CodeIgniter\HTTP\CURLRequest->sendRequest(Array)
#2 /Users/muhammadagussuryadi/asryd/PROJECT/codeigniter/mini-project/system/HTTP/CURLRequest.php(140): CodeIgniter\HTTP\CURLRequest->send('get', 'http://127.0.0....')
#3 /Users/muhammadagussuryadi/asryd/PROJECT/codeigniter/mini-project/system/HTTP/CURLRequest.php(170): CodeIgniter\HTTP\CURLRequest->request('get', 'http://127.0.0....', Array)
#4 /Users/muhammadagussuryadi/asryd/PROJECT/codeigniter/mini-project/app/Controllers/PelangganController.php(30): CodeIgniter\HTTP\CURLRequest->get('http://127.0.0....', Array)
#5 /Users/muhammadagussuryadi/asryd/PROJECT/codeigniter/mini-project/app/Controllers/PelangganController.php(22): App\Controllers\PelangganController->get()
#6 /Users/muhammadagussuryadi/asryd/PROJECT/codeigniter/mini-project/system/CodeIgniter.php(824): App\Controllers\PelangganController->index()
#7 /Users/muhammadagussuryadi/asryd/PROJECT/codeigniter/mini-project/system/CodeIgniter.php(410): CodeIgniter\CodeIgniter->runController(Object(App\Controllers\PelangganController))
#8 /Users/muhammadagussuryadi/asryd/PROJECT/codeigniter/mini-project/system/CodeIgniter.php(318): CodeIgniter\CodeIgniter->handleRequest(NULL, Object(Config\Cache), false)
#9 /Users/muhammadagussuryadi/asryd/PROJECT/codeigniter/mini-project/public/index.php(37): CodeIgniter\CodeIgniter->run()
#10 /Users/muhammadagussuryadi/asryd/PROJECT/codeigniter/mini-project/system/Commands/Server/rewrite.php(43): require_once('/Users/muhammad...')
#11 {main}
CRITICAL - 2022-03-01 10:45:14 --> 22 : The requested URL returned error: 401
#0 /Users/muhammadagussuryadi/asryd/PROJECT/codeigniter/mini-project/system/HTTP/CURLRequest.php(656): CodeIgniter\HTTP\Exceptions\HTTPException::forCurlError('22', 'The requested U...')
#1 /Users/muhammadagussuryadi/asryd/PROJECT/codeigniter/mini-project/system/HTTP/CURLRequest.php(364): CodeIgniter\HTTP\CURLRequest->sendRequest(Array)
#2 /Users/muhammadagussuryadi/asryd/PROJECT/codeigniter/mini-project/system/HTTP/CURLRequest.php(140): CodeIgniter\HTTP\CURLRequest->send('get', 'http://127.0.0....')
#3 /Users/muhammadagussuryadi/asryd/PROJECT/codeigniter/mini-project/system/HTTP/CURLRequest.php(170): CodeIgniter\HTTP\CURLRequest->request('get', 'http://127.0.0....', Array)
#4 /Users/muhammadagussuryadi/asryd/PROJECT/codeigniter/mini-project/app/Controllers/PelangganController.php(30): CodeIgniter\HTTP\CURLRequest->get('http://127.0.0....', Array)
#5 /Users/muhammadagussuryadi/asryd/PROJECT/codeigniter/mini-project/app/Controllers/PelangganController.php(22): App\Controllers\PelangganController->get()
#6 /Users/muhammadagussuryadi/asryd/PROJECT/codeigniter/mini-project/system/CodeIgniter.php(824): App\Controllers\PelangganController->index()
#7 /Users/muhammadagussuryadi/asryd/PROJECT/codeigniter/mini-project/system/CodeIgniter.php(410): CodeIgniter\CodeIgniter->runController(Object(App\Controllers\PelangganController))
#8 /Users/muhammadagussuryadi/asryd/PROJECT/codeigniter/mini-project/system/CodeIgniter.php(318): CodeIgniter\CodeIgniter->handleRequest(NULL, Object(Config\Cache), false)
#9 /Users/muhammadagussuryadi/asryd/PROJECT/codeigniter/mini-project/public/index.php(37): CodeIgniter\CodeIgniter->run()
#10 /Users/muhammadagussuryadi/asryd/PROJECT/codeigniter/mini-project/system/Commands/Server/rewrite.php(43): require_once('/Users/muhammad...')
#11 {main}
CRITICAL - 2022-03-01 10:48:58 --> 22 : The requested URL returned error: 401
#0 /Users/muhammadagussuryadi/asryd/PROJECT/codeigniter/mini-project/system/HTTP/CURLRequest.php(656): CodeIgniter\HTTP\Exceptions\HTTPException::forCurlError('22', 'The requested U...')
#1 /Users/muhammadagussuryadi/asryd/PROJECT/codeigniter/mini-project/system/HTTP/CURLRequest.php(364): CodeIgniter\HTTP\CURLRequest->sendRequest(Array)
#2 /Users/muhammadagussuryadi/asryd/PROJECT/codeigniter/mini-project/system/HTTP/CURLRequest.php(140): CodeIgniter\HTTP\CURLRequest->send('get', 'http://127.0.0....')
#3 /Users/muhammadagussuryadi/asryd/PROJECT/codeigniter/mini-project/system/HTTP/CURLRequest.php(170): CodeIgniter\HTTP\CURLRequest->request('get', 'http://127.0.0....', Array)
#4 /Users/muhammadagussuryadi/asryd/PROJECT/codeigniter/mini-project/app/Controllers/BarangController.php(31): CodeIgniter\HTTP\CURLRequest->get('http://127.0.0....', Array)
#5 /Users/muhammadagussuryadi/asryd/PROJECT/codeigniter/mini-project/app/Controllers/BarangController.php(22): App\Controllers\BarangController->get()
#6 /Users/muhammadagussuryadi/asryd/PROJECT/codeigniter/mini-project/system/CodeIgniter.php(824): App\Controllers\BarangController->index()
#7 /Users/muhammadagussuryadi/asryd/PROJECT/codeigniter/mini-project/system/CodeIgniter.php(410): CodeIgniter\CodeIgniter->runController(Object(App\Controllers\BarangController))
#8 /Users/muhammadagussuryadi/asryd/PROJECT/codeigniter/mini-project/system/CodeIgniter.php(318): CodeIgniter\CodeIgniter->handleRequest(NULL, Object(Config\Cache), false)
#9 /Users/muhammadagussuryadi/asryd/PROJECT/codeigniter/mini-project/public/index.php(37): CodeIgniter\CodeIgniter->run()
#10 /Users/muhammadagussuryadi/asryd/PROJECT/codeigniter/mini-project/system/Commands/Server/rewrite.php(43): require_once('/Users/muhammad...')
#11 {main}
CRITICAL - 2022-03-01 10:49:12 --> 22 : The requested URL returned error: 401
#0 /Users/muhammadagussuryadi/asryd/PROJECT/codeigniter/mini-project/system/HTTP/CURLRequest.php(656): CodeIgniter\HTTP\Exceptions\HTTPException::forCurlError('22', 'The requested U...')
#1 /Users/muhammadagussuryadi/asryd/PROJECT/codeigniter/mini-project/system/HTTP/CURLRequest.php(364): CodeIgniter\HTTP\CURLRequest->sendRequest(Array)
#2 /Users/muhammadagussuryadi/asryd/PROJECT/codeigniter/mini-project/system/HTTP/CURLRequest.php(140): CodeIgniter\HTTP\CURLRequest->send('get', 'http://127.0.0....')
#3 /Users/muhammadagussuryadi/asryd/PROJECT/codeigniter/mini-project/system/HTTP/CURLRequest.php(170): CodeIgniter\HTTP\CURLRequest->request('get', 'http://127.0.0....', Array)
#4 /Users/muhammadagussuryadi/asryd/PROJECT/codeigniter/mini-project/app/Controllers/BarangController.php(31): CodeIgniter\HTTP\CURLRequest->get('http://127.0.0....', Array)
#5 /Users/muhammadagussuryadi/asryd/PROJECT/codeigniter/mini-project/app/Controllers/BarangController.php(22): App\Controllers\BarangController->get()
#6 /Users/muhammadagussuryadi/asryd/PROJECT/codeigniter/mini-project/system/CodeIgniter.php(824): App\Controllers\BarangController->index()
#7 /Users/muhammadagussuryadi/asryd/PROJECT/codeigniter/mini-project/system/CodeIgniter.php(410): CodeIgniter\CodeIgniter->runController(Object(App\Controllers\BarangController))
#8 /Users/muhammadagussuryadi/asryd/PROJECT/codeigniter/mini-project/system/CodeIgniter.php(318): CodeIgniter\CodeIgniter->handleRequest(NULL, Object(Config\Cache), false)
#9 /Users/muhammadagussuryadi/asryd/PROJECT/codeigniter/mini-project/public/index.php(37): CodeIgniter\CodeIgniter->run()
#10 /Users/muhammadagussuryadi/asryd/PROJECT/codeigniter/mini-project/system/Commands/Server/rewrite.php(43): require_once('/Users/muhammad...')
#11 {main}
CRITICAL - 2022-03-01 10:49:27 --> 22 : The requested URL returned error: 401
#0 /Users/muhammadagussuryadi/asryd/PROJECT/codeigniter/mini-project/system/HTTP/CURLRequest.php(656): CodeIgniter\HTTP\Exceptions\HTTPException::forCurlError('22', 'The requested U...')
#1 /Users/muhammadagussuryadi/asryd/PROJECT/codeigniter/mini-project/system/HTTP/CURLRequest.php(364): CodeIgniter\HTTP\CURLRequest->sendRequest(Array)
#2 /Users/muhammadagussuryadi/asryd/PROJECT/codeigniter/mini-project/system/HTTP/CURLRequest.php(140): CodeIgniter\HTTP\CURLRequest->send('get', 'http://127.0.0....')
#3 /Users/muhammadagussuryadi/asryd/PROJECT/codeigniter/mini-project/system/HTTP/CURLRequest.php(170): CodeIgniter\HTTP\CURLRequest->request('get', 'http://127.0.0....', Array)
#4 /Users/muhammadagussuryadi/asryd/PROJECT/codeigniter/mini-project/app/Controllers/BarangController.php(31): CodeIgniter\HTTP\CURLRequest->get('http://127.0.0....', Array)
#5 /Users/muhammadagussuryadi/asryd/PROJECT/codeigniter/mini-project/app/Controllers/BarangController.php(22): App\Controllers\BarangController->get()
#6 /Users/muhammadagussuryadi/asryd/PROJECT/codeigniter/mini-project/system/CodeIgniter.php(824): App\Controllers\BarangController->index()
#7 /Users/muhammadagussuryadi/asryd/PROJECT/codeigniter/mini-project/system/CodeIgniter.php(410): CodeIgniter\CodeIgniter->runController(Object(App\Controllers\BarangController))
#8 /Users/muhammadagussuryadi/asryd/PROJECT/codeigniter/mini-project/system/CodeIgniter.php(318): CodeIgniter\CodeIgniter->handleRequest(NULL, Object(Config\Cache), false)
#9 /Users/muhammadagussuryadi/asryd/PROJECT/codeigniter/mini-project/public/index.php(37): CodeIgniter\CodeIgniter->run()
#10 /Users/muhammadagussuryadi/asryd/PROJECT/codeigniter/mini-project/system/Commands/Server/rewrite.php(43): require_once('/Users/muhammad...')
#11 {main}
CRITICAL - 2022-03-01 10:49:43 --> 22 : The requested URL returned error: 401
#0 /Users/muhammadagussuryadi/asryd/PROJECT/codeigniter/mini-project/system/HTTP/CURLRequest.php(656): CodeIgniter\HTTP\Exceptions\HTTPException::forCurlError('22', 'The requested U...')
#1 /Users/muhammadagussuryadi/asryd/PROJECT/codeigniter/mini-project/system/HTTP/CURLRequest.php(364): CodeIgniter\HTTP\CURLRequest->sendRequest(Array)
#2 /Users/muhammadagussuryadi/asryd/PROJECT/codeigniter/mini-project/system/HTTP/CURLRequest.php(140): CodeIgniter\HTTP\CURLRequest->send('get', 'http://127.0.0....')
#3 /Users/muhammadagussuryadi/asryd/PROJECT/codeigniter/mini-project/system/HTTP/CURLRequest.php(170): CodeIgniter\HTTP\CURLRequest->request('get', 'http://127.0.0....', Array)
#4 /Users/muhammadagussuryadi/asryd/PROJECT/codeigniter/mini-project/app/Controllers/BarangController.php(30): CodeIgniter\HTTP\CURLRequest->get('http://127.0.0....', Array)
#5 /Users/muhammadagussuryadi/asryd/PROJECT/codeigniter/mini-project/app/Controllers/BarangController.php(22): App\Controllers\BarangController->get()
#6 /Users/muhammadagussuryadi/asryd/PROJECT/codeigniter/mini-project/system/CodeIgniter.php(824): App\Controllers\BarangController->index()
#7 /Users/muhammadagussuryadi/asryd/PROJECT/codeigniter/mini-project/system/CodeIgniter.php(410): CodeIgniter\CodeIgniter->runController(Object(App\Controllers\BarangController))
#8 /Users/muhammadagussuryadi/asryd/PROJECT/codeigniter/mini-project/system/CodeIgniter.php(318): CodeIgniter\CodeIgniter->handleRequest(NULL, Object(Config\Cache), false)
#9 /Users/muhammadagussuryadi/asryd/PROJECT/codeigniter/mini-project/public/index.php(37): CodeIgniter\CodeIgniter->run()
#10 /Users/muhammadagussuryadi/asryd/PROJECT/codeigniter/mini-project/system/Commands/Server/rewrite.php(43): require_once('/Users/muhammad...')
#11 {main}
CRITICAL - 2022-03-01 10:50:38 --> 22 : The requested URL returned error: 401
#0 /Users/muhammadagussuryadi/asryd/PROJECT/codeigniter/mini-project/system/HTTP/CURLRequest.php(656): CodeIgniter\HTTP\Exceptions\HTTPException::forCurlError('22', 'The requested U...')
#1 /Users/muhammadagussuryadi/asryd/PROJECT/codeigniter/mini-project/system/HTTP/CURLRequest.php(364): CodeIgniter\HTTP\CURLRequest->sendRequest(Array)
#2 /Users/muhammadagussuryadi/asryd/PROJECT/codeigniter/mini-project/system/HTTP/CURLRequest.php(140): CodeIgniter\HTTP\CURLRequest->send('get', 'http://127.0.0....')
#3 /Users/muhammadagussuryadi/asryd/PROJECT/codeigniter/mini-project/system/HTTP/CURLRequest.php(170): CodeIgniter\HTTP\CURLRequest->request('get', 'http://127.0.0....', Array)
#4 /Users/muhammadagussuryadi/asryd/PROJECT/codeigniter/mini-project/app/Controllers/BarangController.php(30): CodeIgniter\HTTP\CURLRequest->get('http://127.0.0....', Array)
#5 /Users/muhammadagussuryadi/asryd/PROJECT/codeigniter/mini-project/app/Controllers/BarangController.php(22): App\Controllers\BarangController->get()
#6 /Users/muhammadagussuryadi/asryd/PROJECT/codeigniter/mini-project/system/CodeIgniter.php(824): App\Controllers\BarangController->index()
#7 /Users/muhammadagussuryadi/asryd/PROJECT/codeigniter/mini-project/system/CodeIgniter.php(410): CodeIgniter\CodeIgniter->runController(Object(App\Controllers\BarangController))
#8 /Users/muhammadagussuryadi/asryd/PROJECT/codeigniter/mini-project/system/CodeIgniter.php(318): CodeIgniter\CodeIgniter->handleRequest(NULL, Object(Config\Cache), false)
#9 /Users/muhammadagussuryadi/asryd/PROJECT/codeigniter/mini-project/public/index.php(37): CodeIgniter\CodeIgniter->run()
#10 /Users/muhammadagussuryadi/asryd/PROJECT/codeigniter/mini-project/system/Commands/Server/rewrite.php(43): require_once('/Users/muhammad...')
#11 {main}
CRITICAL - 2022-03-01 10:50:57 --> Invalid argument supplied for foreach()
#0 /Users/muhammadagussuryadi/asryd/PROJECT/codeigniter/mini-project/app/Views/pages/barang/component/table.php(16): CodeIgniter\Debug\Exceptions->errorHandler(2, 'Invalid argumen...', '/Users/muhammad...', 16, Array)
#1 /Users/muhammadagussuryadi/asryd/PROJECT/codeigniter/mini-project/system/View/View.php(214): include('/Users/muhammad...')
#2 /Users/muhammadagussuryadi/asryd/PROJECT/codeigniter/mini-project/system/View/View.php(217): CodeIgniter\View\View->CodeIgniter\View\{closure}()
#3 /Users/muhammadagussuryadi/asryd/PROJECT/codeigniter/mini-project/system/View/View.php(432): CodeIgniter\View\View->render('pages/barang/co...', NULL, true)
#4 /Users/muhammadagussuryadi/asryd/PROJECT/codeigniter/mini-project/app/Views/pages/barang/index.php(21): CodeIgniter\View\View->include('pages/barang/co...')
#5 /Users/muhammadagussuryadi/asryd/PROJECT/codeigniter/mini-project/system/View/View.php(214): include('/Users/muhammad...')
#6 /Users/muhammadagussuryadi/asryd/PROJECT/codeigniter/mini-project/system/View/View.php(217): CodeIgniter\View\View->CodeIgniter\View\{closure}()
#7 /Users/muhammadagussuryadi/asryd/PROJECT/codeigniter/mini-project/system/Common.php(1097): CodeIgniter\View\View->render('pages/barang/in...', Array, true)
#8 /Users/muhammadagussuryadi/asryd/PROJECT/codeigniter/mini-project/app/Controllers/BarangController.php(23): view('pages/barang/in...', Array)
#9 /Users/muhammadagussuryadi/asryd/PROJECT/codeigniter/mini-project/system/CodeIgniter.php(824): App\Controllers\BarangController->index()
#10 /Users/muhammadagussuryadi/asryd/PROJECT/codeigniter/mini-project/system/CodeIgniter.php(410): CodeIgniter\CodeIgniter->runController(Object(App\Controllers\BarangController))
#11 /Users/muhammadagussuryadi/asryd/PROJECT/codeigniter/mini-project/system/CodeIgniter.php(318): CodeIgniter\CodeIgniter->handleRequest(NULL, Object(Config\Cache), false)
#12 /Users/muhammadagussuryadi/asryd/PROJECT/codeigniter/mini-project/public/index.php(37): CodeIgniter\CodeIgniter->run()
#13 /Users/muhammadagussuryadi/asryd/PROJECT/codeigniter/mini-project/system/Commands/Server/rewrite.php(43): require_once('/Users/muhammad...')
#14 {main}
CRITICAL - 2022-03-01 10:51:19 --> 22 : The requested URL returned error: 401
#0 /Users/muhammadagussuryadi/asryd/PROJECT/codeigniter/mini-project/system/HTTP/CURLRequest.php(656): CodeIgniter\HTTP\Exceptions\HTTPException::forCurlError('22', 'The requested U...')
#1 /Users/muhammadagussuryadi/asryd/PROJECT/codeigniter/mini-project/system/HTTP/CURLRequest.php(364): CodeIgniter\HTTP\CURLRequest->sendRequest(Array)
#2 /Users/muhammadagussuryadi/asryd/PROJECT/codeigniter/mini-project/system/HTTP/CURLRequest.php(140): CodeIgniter\HTTP\CURLRequest->send('get', 'http://127.0.0....')
#3 /Users/muhammadagussuryadi/asryd/PROJECT/codeigniter/mini-project/system/HTTP/CURLRequest.php(170): CodeIgniter\HTTP\CURLRequest->request('get', 'http://127.0.0....', Array)
#4 /Users/muhammadagussuryadi/asryd/PROJECT/codeigniter/mini-project/app/Controllers/BarangController.php(30): CodeIgniter\HTTP\CURLRequest->get('http://127.0.0....', Array)
#5 /Users/muhammadagussuryadi/asryd/PROJECT/codeigniter/mini-project/app/Controllers/BarangController.php(22): App\Controllers\BarangController->get()
#6 /Users/muhammadagussuryadi/asryd/PROJECT/codeigniter/mini-project/system/CodeIgniter.php(824): App\Controllers\BarangController->index()
#7 /Users/muhammadagussuryadi/asryd/PROJECT/codeigniter/mini-project/system/CodeIgniter.php(410): CodeIgniter\CodeIgniter->runController(Object(App\Controllers\BarangController))
#8 /Users/muhammadagussuryadi/asryd/PROJECT/codeigniter/mini-project/system/CodeIgniter.php(318): CodeIgniter\CodeIgniter->handleRequest(NULL, Object(Config\Cache), false)
#9 /Users/muhammadagussuryadi/asryd/PROJECT/codeigniter/mini-project/public/index.php(37): CodeIgniter\CodeIgniter->run()
#10 /Users/muhammadagussuryadi/asryd/PROJECT/codeigniter/mini-project/system/Commands/Server/rewrite.php(43): require_once('/Users/muhammad...')
#11 {main}
CRITICAL - 2022-03-01 10:51:20 --> 22 : The requested URL returned error: 401
#0 /Users/muhammadagussuryadi/asryd/PROJECT/codeigniter/mini-project/system/HTTP/CURLRequest.php(656): CodeIgniter\HTTP\Exceptions\HTTPException::forCurlError('22', 'The requested U...')
#1 /Users/muhammadagussuryadi/asryd/PROJECT/codeigniter/mini-project/system/HTTP/CURLRequest.php(364): CodeIgniter\HTTP\CURLRequest->sendRequest(Array)
#2 /Users/muhammadagussuryadi/asryd/PROJECT/codeigniter/mini-project/system/HTTP/CURLRequest.php(140): CodeIgniter\HTTP\CURLRequest->send('get', 'http://127.0.0....')
#3 /Users/muhammadagussuryadi/asryd/PROJECT/codeigniter/mini-project/system/HTTP/CURLRequest.php(170): CodeIgniter\HTTP\CURLRequest->request('get', 'http://127.0.0....', Array)
#4 /Users/muhammadagussuryadi/asryd/PROJECT/codeigniter/mini-project/app/Controllers/BarangController.php(30): CodeIgniter\HTTP\CURLRequest->get('http://127.0.0....', Array)
#5 /Users/muhammadagussuryadi/asryd/PROJECT/codeigniter/mini-project/app/Controllers/BarangController.php(22): App\Controllers\BarangController->get()
#6 /Users/muhammadagussuryadi/asryd/PROJECT/codeigniter/mini-project/system/CodeIgniter.php(824): App\Controllers\BarangController->index()
#7 /Users/muhammadagussuryadi/asryd/PROJECT/codeigniter/mini-project/system/CodeIgniter.php(410): CodeIgniter\CodeIgniter->runController(Object(App\Controllers\BarangController))
#8 /Users/muhammadagussuryadi/asryd/PROJECT/codeigniter/mini-project/system/CodeIgniter.php(318): CodeIgniter\CodeIgniter->handleRequest(NULL, Object(Config\Cache), false)
#9 /Users/muhammadagussuryadi/asryd/PROJECT/codeigniter/mini-project/public/index.php(37): CodeIgniter\CodeIgniter->run()
#10 /Users/muhammadagussuryadi/asryd/PROJECT/codeigniter/mini-project/system/Commands/Server/rewrite.php(43): require_once('/Users/muhammad...')
#11 {main}
CRITICAL - 2022-03-01 10:51:21 --> 22 : The requested URL returned error: 401
#0 /Users/muhammadagussuryadi/asryd/PROJECT/codeigniter/mini-project/system/HTTP/CURLRequest.php(656): CodeIgniter\HTTP\Exceptions\HTTPException::forCurlError('22', 'The requested U...')
#1 /Users/muhammadagussuryadi/asryd/PROJECT/codeigniter/mini-project/system/HTTP/CURLRequest.php(364): CodeIgniter\HTTP\CURLRequest->sendRequest(Array)
#2 /Users/muhammadagussuryadi/asryd/PROJECT/codeigniter/mini-project/system/HTTP/CURLRequest.php(140): CodeIgniter\HTTP\CURLRequest->send('get', 'http://127.0.0....')
#3 /Users/muhammadagussuryadi/asryd/PROJECT/codeigniter/mini-project/system/HTTP/CURLRequest.php(170): CodeIgniter\HTTP\CURLRequest->request('get', 'http://127.0.0....', Array)
#4 /Users/muhammadagussuryadi/asryd/PROJECT/codeigniter/mini-project/app/Controllers/BarangController.php(30): CodeIgniter\HTTP\CURLRequest->get('http://127.0.0....', Array)
#5 /Users/muhammadagussuryadi/asryd/PROJECT/codeigniter/mini-project/app/Controllers/BarangController.php(22): App\Controllers\BarangController->get()
#6 /Users/muhammadagussuryadi/asryd/PROJECT/codeigniter/mini-project/system/CodeIgniter.php(824): App\Controllers\BarangController->index()
#7 /Users/muhammadagussuryadi/asryd/PROJECT/codeigniter/mini-project/system/CodeIgniter.php(410): CodeIgniter\CodeIgniter->runController(Object(App\Controllers\BarangController))
#8 /Users/muhammadagussuryadi/asryd/PROJECT/codeigniter/mini-project/system/CodeIgniter.php(318): CodeIgniter\CodeIgniter->handleRequest(NULL, Object(Config\Cache), false)
#9 /Users/muhammadagussuryadi/asryd/PROJECT/codeigniter/mini-project/public/index.php(37): CodeIgniter\CodeIgniter->run()
#10 /Users/muhammadagussuryadi/asryd/PROJECT/codeigniter/mini-project/system/Commands/Server/rewrite.php(43): require_once('/Users/muhammad...')
#11 {main}
CRITICAL - 2022-03-01 10:51:22 --> 22 : The requested URL returned error: 401
#0 /Users/muhammadagussuryadi/asryd/PROJECT/codeigniter/mini-project/system/HTTP/CURLRequest.php(656): CodeIgniter\HTTP\Exceptions\HTTPException::forCurlError('22', 'The requested U...')
#1 /Users/muhammadagussuryadi/asryd/PROJECT/codeigniter/mini-project/system/HTTP/CURLRequest.php(364): CodeIgniter\HTTP\CURLRequest->sendRequest(Array)
#2 /Users/muhammadagussuryadi/asryd/PROJECT/codeigniter/mini-project/system/HTTP/CURLRequest.php(140): CodeIgniter\HTTP\CURLRequest->send('get', 'http://127.0.0....')
#3 /Users/muhammadagussuryadi/asryd/PROJECT/codeigniter/mini-project/system/HTTP/CURLRequest.php(170): CodeIgniter\HTTP\CURLRequest->request('get', 'http://127.0.0....', Array)
#4 /Users/muhammadagussuryadi/asryd/PROJECT/codeigniter/mini-project/app/Controllers/BarangController.php(30): CodeIgniter\HTTP\CURLRequest->get('http://127.0.0....', Array)
#5 /Users/muhammadagussuryadi/asryd/PROJECT/codeigniter/mini-project/app/Controllers/BarangController.php(22): App\Controllers\BarangController->get()
#6 /Users/muhammadagussuryadi/asryd/PROJECT/codeigniter/mini-project/system/CodeIgniter.php(824): App\Controllers\BarangController->index()
#7 /Users/muhammadagussuryadi/asryd/PROJECT/codeigniter/mini-project/system/CodeIgniter.php(410): CodeIgniter\CodeIgniter->runController(Object(App\Controllers\BarangController))
#8 /Users/muhammadagussuryadi/asryd/PROJECT/codeigniter/mini-project/system/CodeIgniter.php(318): CodeIgniter\CodeIgniter->handleRequest(NULL, Object(Config\Cache), false)
#9 /Users/muhammadagussuryadi/asryd/PROJECT/codeigniter/mini-project/public/index.php(37): CodeIgniter\CodeIgniter->run()
#10 /Users/muhammadagussuryadi/asryd/PROJECT/codeigniter/mini-project/system/Commands/Server/rewrite.php(43): require_once('/Users/muhammad...')
#11 {main}
CRITICAL - 2022-03-01 10:51:23 --> 22 : The requested URL returned error: 401
#0 /Users/muhammadagussuryadi/asryd/PROJECT/codeigniter/mini-project/system/HTTP/CURLRequest.php(656): CodeIgniter\HTTP\Exceptions\HTTPException::forCurlError('22', 'The requested U...')
#1 /Users/muhammadagussuryadi/asryd/PROJECT/codeigniter/mini-project/system/HTTP/CURLRequest.php(364): CodeIgniter\HTTP\CURLRequest->sendRequest(Array)
#2 /Users/muhammadagussuryadi/asryd/PROJECT/codeigniter/mini-project/system/HTTP/CURLRequest.php(140): CodeIgniter\HTTP\CURLRequest->send('get', 'http://127.0.0....')
#3 /Users/muhammadagussuryadi/asryd/PROJECT/codeigniter/mini-project/system/HTTP/CURLRequest.php(170): CodeIgniter\HTTP\CURLRequest->request('get', 'http://127.0.0....', Array)
#4 /Users/muhammadagussuryadi/asryd/PROJECT/codeigniter/mini-project/app/Controllers/BarangController.php(30): CodeIgniter\HTTP\CURLRequest->get('http://127.0.0....', Array)
#5 /Users/muhammadagussuryadi/asryd/PROJECT/codeigniter/mini-project/app/Controllers/BarangController.php(22): App\Controllers\BarangController->get()
#6 /Users/muhammadagussuryadi/asryd/PROJECT/codeigniter/mini-project/system/CodeIgniter.php(824): App\Controllers\BarangController->index()
#7 /Users/muhammadagussuryadi/asryd/PROJECT/codeigniter/mini-project/system/CodeIgniter.php(410): CodeIgniter\CodeIgniter->runController(Object(App\Controllers\BarangController))
#8 /Users/muhammadagussuryadi/asryd/PROJECT/codeigniter/mini-project/system/CodeIgniter.php(318): CodeIgniter\CodeIgniter->handleRequest(NULL, Object(Config\Cache), false)
#9 /Users/muhammadagussuryadi/asryd/PROJECT/codeigniter/mini-project/public/index.php(37): CodeIgniter\CodeIgniter->run()
#10 /Users/muhammadagussuryadi/asryd/PROJECT/codeigniter/mini-project/system/Commands/Server/rewrite.php(43): require_once('/Users/muhammad...')
#11 {main}
CRITICAL - 2022-03-01 10:51:39 --> 22 : The requested URL returned error: 401
#0 /Users/muhammadagussuryadi/asryd/PROJECT/codeigniter/mini-project/system/HTTP/CURLRequest.php(656): CodeIgniter\HTTP\Exceptions\HTTPException::forCurlError('22', 'The requested U...')
#1 /Users/muhammadagussuryadi/asryd/PROJECT/codeigniter/mini-project/system/HTTP/CURLRequest.php(364): CodeIgniter\HTTP\CURLRequest->sendRequest(Array)
#2 /Users/muhammadagussuryadi/asryd/PROJECT/codeigniter/mini-project/system/HTTP/CURLRequest.php(140): CodeIgniter\HTTP\CURLRequest->send('get', 'http://127.0.0....')
#3 /Users/muhammadagussuryadi/asryd/PROJECT/codeigniter/mini-project/system/HTTP/CURLRequest.php(170): CodeIgniter\HTTP\CURLRequest->request('get', 'http://127.0.0....', Array)
#4 /Users/muhammadagussuryadi/asryd/PROJECT/codeigniter/mini-project/app/Controllers/BarangController.php(30): CodeIgniter\HTTP\CURLRequest->get('http://127.0.0....', Array)
#5 /Users/muhammadagussuryadi/asryd/PROJECT/codeigniter/mini-project/app/Controllers/BarangController.php(22): App\Controllers\BarangController->get()
#6 /Users/muhammadagussuryadi/asryd/PROJECT/codeigniter/mini-project/system/CodeIgniter.php(824): App\Controllers\BarangController->index()
#7 /Users/muhammadagussuryadi/asryd/PROJECT/codeigniter/mini-project/system/CodeIgniter.php(410): CodeIgniter\CodeIgniter->runController(Object(App\Controllers\BarangController))
#8 /Users/muhammadagussuryadi/asryd/PROJECT/codeigniter/mini-project/system/CodeIgniter.php(318): CodeIgniter\CodeIgniter->handleRequest(NULL, Object(Config\Cache), false)
#9 /Users/muhammadagussuryadi/asryd/PROJECT/codeigniter/mini-project/public/index.php(37): CodeIgniter\CodeIgniter->run()
#10 /Users/muhammadagussuryadi/asryd/PROJECT/codeigniter/mini-project/system/Commands/Server/rewrite.php(43): require_once('/Users/muhammad...')
#11 {main}
CRITICAL - 2022-03-01 10:51:40 --> 22 : The requested URL returned error: 401
#0 /Users/muhammadagussuryadi/asryd/PROJECT/codeigniter/mini-project/system/HTTP/CURLRequest.php(656): CodeIgniter\HTTP\Exceptions\HTTPException::forCurlError('22', 'The requested U...')
#1 /Users/muhammadagussuryadi/asryd/PROJECT/codeigniter/mini-project/system/HTTP/CURLRequest.php(364): CodeIgniter\HTTP\CURLRequest->sendRequest(Array)
#2 /Users/muhammadagussuryadi/asryd/PROJECT/codeigniter/mini-project/system/HTTP/CURLRequest.php(140): CodeIgniter\HTTP\CURLRequest->send('get', 'http://127.0.0....')
#3 /Users/muhammadagussuryadi/asryd/PROJECT/codeigniter/mini-project/system/HTTP/CURLRequest.php(170): CodeIgniter\HTTP\CURLRequest->request('get', 'http://127.0.0....', Array)
#4 /Users/muhammadagussuryadi/asryd/PROJECT/codeigniter/mini-project/app/Controllers/BarangController.php(30): CodeIgniter\HTTP\CURLRequest->get('http://127.0.0....', Array)
#5 /Users/muhammadagussuryadi/asryd/PROJECT/codeigniter/mini-project/app/Controllers/BarangController.php(22): App\Controllers\BarangController->get()
#6 /Users/muhammadagussuryadi/asryd/PROJECT/codeigniter/mini-project/system/CodeIgniter.php(824): App\Controllers\BarangController->index()
#7 /Users/muhammadagussuryadi/asryd/PROJECT/codeigniter/mini-project/system/CodeIgniter.php(410): CodeIgniter\CodeIgniter->runController(Object(App\Controllers\BarangController))
#8 /Users/muhammadagussuryadi/asryd/PROJECT/codeigniter/mini-project/system/CodeIgniter.php(318): CodeIgniter\CodeIgniter->handleRequest(NULL, Object(Config\Cache), false)
#9 /Users/muhammadagussuryadi/asryd/PROJECT/codeigniter/mini-project/public/index.php(37): CodeIgniter\CodeIgniter->run()
#10 /Users/muhammadagussuryadi/asryd/PROJECT/codeigniter/mini-project/system/Commands/Server/rewrite.php(43): require_once('/Users/muhammad...')
#11 {main}
CRITICAL - 2022-03-01 10:51:57 --> 22 : The requested URL returned error: 401
#0 /Users/muhammadagussuryadi/asryd/PROJECT/codeigniter/mini-project/system/HTTP/CURLRequest.php(656): CodeIgniter\HTTP\Exceptions\HTTPException::forCurlError('22', 'The requested U...')
#1 /Users/muhammadagussuryadi/asryd/PROJECT/codeigniter/mini-project/system/HTTP/CURLRequest.php(364): CodeIgniter\HTTP\CURLRequest->sendRequest(Array)
#2 /Users/muhammadagussuryadi/asryd/PROJECT/codeigniter/mini-project/system/HTTP/CURLRequest.php(140): CodeIgniter\HTTP\CURLRequest->send('get', 'http://127.0.0....')
#3 /Users/muhammadagussuryadi/asryd/PROJECT/codeigniter/mini-project/system/HTTP/CURLRequest.php(170): CodeIgniter\HTTP\CURLRequest->request('get', 'http://127.0.0....', Array)
#4 /Users/muhammadagussuryadi/asryd/PROJECT/codeigniter/mini-project/app/Controllers/BarangController.php(30): CodeIgniter\HTTP\CURLRequest->get('http://127.0.0....', Array)
#5 /Users/muhammadagussuryadi/asryd/PROJECT/codeigniter/mini-project/app/Controllers/BarangController.php(22): App\Controllers\BarangController->get()
#6 /Users/muhammadagussuryadi/asryd/PROJECT/codeigniter/mini-project/system/CodeIgniter.php(824): App\Controllers\BarangController->index()
#7 /Users/muhammadagussuryadi/asryd/PROJECT/codeigniter/mini-project/system/CodeIgniter.php(410): CodeIgniter\CodeIgniter->runController(Object(App\Controllers\BarangController))
#8 /Users/muhammadagussuryadi/asryd/PROJECT/codeigniter/mini-project/system/CodeIgniter.php(318): CodeIgniter\CodeIgniter->handleRequest(NULL, Object(Config\Cache), false)
#9 /Users/muhammadagussuryadi/asryd/PROJECT/codeigniter/mini-project/public/index.php(37): CodeIgniter\CodeIgniter->run()
#10 /Users/muhammadagussuryadi/asryd/PROJECT/codeigniter/mini-project/system/Commands/Server/rewrite.php(43): require_once('/Users/muhammad...')
#11 {main}
CRITICAL - 2022-03-01 10:52:01 --> 22 : The requested URL returned error: 401
#0 /Users/muhammadagussuryadi/asryd/PROJECT/codeigniter/mini-project/system/HTTP/CURLRequest.php(656): CodeIgniter\HTTP\Exceptions\HTTPException::forCurlError('22', 'The requested U...')
#1 /Users/muhammadagussuryadi/asryd/PROJECT/codeigniter/mini-project/system/HTTP/CURLRequest.php(364): CodeIgniter\HTTP\CURLRequest->sendRequest(Array)
#2 /Users/muhammadagussuryadi/asryd/PROJECT/codeigniter/mini-project/system/HTTP/CURLRequest.php(140): CodeIgniter\HTTP\CURLRequest->send('get', 'http://127.0.0....')
#3 /Users/muhammadagussuryadi/asryd/PROJECT/codeigniter/mini-project/system/HTTP/CURLRequest.php(170): CodeIgniter\HTTP\CURLRequest->request('get', 'http://127.0.0....', Array)
#4 /Users/muhammadagussuryadi/asryd/PROJECT/codeigniter/mini-project/app/Controllers/PelangganController.php(30): CodeIgniter\HTTP\CURLRequest->get('http://127.0.0....', Array)
#5 /Users/muhammadagussuryadi/asryd/PROJECT/codeigniter/mini-project/app/Controllers/PelangganController.php(22): App\Controllers\PelangganController->get()
#6 /Users/muhammadagussuryadi/asryd/PROJECT/codeigniter/mini-project/system/CodeIgniter.php(824): App\Controllers\PelangganController->index()
#7 /Users/muhammadagussuryadi/asryd/PROJECT/codeigniter/mini-project/system/CodeIgniter.php(410): CodeIgniter\CodeIgniter->runController(Object(App\Controllers\PelangganController))
#8 /Users/muhammadagussuryadi/asryd/PROJECT/codeigniter/mini-project/system/CodeIgniter.php(318): CodeIgniter\CodeIgniter->handleRequest(NULL, Object(Config\Cache), false)
#9 /Users/muhammadagussuryadi/asryd/PROJECT/codeigniter/mini-project/public/index.php(37): CodeIgniter\CodeIgniter->run()
#10 /Users/muhammadagussuryadi/asryd/PROJECT/codeigniter/mini-project/system/Commands/Server/rewrite.php(43): require_once('/Users/muhammad...')
#11 {main}
