CRITICAL - 2022-03-02 03:01:12 --> Invalid file: pages/pelanggan/component/form.php
#0 /Users/muhammadagussuryadi/asryd/PROJECT/codeigniter/mini-project/system/View/View.php(198): CodeIgniter\Exceptions\FrameworkException::forInvalidFile('pages/pelanggan...')
#1 /Users/muhammadagussuryadi/asryd/PROJECT/codeigniter/mini-project/system/View/View.php(432): CodeIgniter\View\View->render('pages/pelanggan...', NULL, true)
#2 /Users/muhammadagussuryadi/asryd/PROJECT/codeigniter/mini-project/app/Views/pages/penjualan/index.php(22): CodeIgniter\View\View->include('pages/pelanggan...')
#3 /Users/muhammadagussuryadi/asryd/PROJECT/codeigniter/mini-project/system/View/View.php(214): include('/Users/muhammad...')
#4 /Users/muhammadagussuryadi/asryd/PROJECT/codeigniter/mini-project/system/View/View.php(217): CodeIgniter\View\View->CodeIgniter\View\{closure}()
#5 /Users/muhammadagussuryadi/asryd/PROJECT/codeigniter/mini-project/system/Common.php(1097): CodeIgniter\View\View->render('pages/penjualan...', Array, true)
#6 /Users/muhammadagussuryadi/asryd/PROJECT/codeigniter/mini-project/app/Controllers/PenjualanController.php(23): view('pages/penjualan...', Array)
#7 /Users/muhammadagussuryadi/asryd/PROJECT/codeigniter/mini-project/system/CodeIgniter.php(824): App\Controllers\PenjualanController->index()
#8 /Users/muhammadagussuryadi/asryd/PROJECT/codeigniter/mini-project/system/CodeIgniter.php(410): CodeIgniter\CodeIgniter->runController(Object(App\Controllers\PenjualanController))
#9 /Users/muhammadagussuryadi/asryd/PROJECT/codeigniter/mini-project/system/CodeIgniter.php(318): CodeIgniter\CodeIgniter->handleRequest(NULL, Object(Config\Cache), false)
#10 /Users/muhammadagussuryadi/asryd/PROJECT/codeigniter/mini-project/public/index.php(37): CodeIgniter\CodeIgniter->run()
#11 /Users/muhammadagussuryadi/asryd/PROJECT/codeigniter/mini-project/system/Commands/Server/rewrite.php(43): require_once('/Users/muhammad...')
#12 {main}
CRITICAL - 2022-03-02 03:01:14 --> Invalid file: pages/pelanggan/component/form.php
#0 /Users/muhammadagussuryadi/asryd/PROJECT/codeigniter/mini-project/system/View/View.php(198): CodeIgniter\Exceptions\FrameworkException::forInvalidFile('pages/pelanggan...')
#1 /Users/muhammadagussuryadi/asryd/PROJECT/codeigniter/mini-project/system/View/View.php(432): CodeIgniter\View\View->render('pages/pelanggan...', NULL, true)
#2 /Users/muhammadagussuryadi/asryd/PROJECT/codeigniter/mini-project/app/Views/pages/penjualan/index.php(22): CodeIgniter\View\View->include('pages/pelanggan...')
#3 /Users/muhammadagussuryadi/asryd/PROJECT/codeigniter/mini-project/system/View/View.php(214): include('/Users/muhammad...')
#4 /Users/muhammadagussuryadi/asryd/PROJECT/codeigniter/mini-project/system/View/View.php(217): CodeIgniter\View\View->CodeIgniter\View\{closure}()
#5 /Users/muhammadagussuryadi/asryd/PROJECT/codeigniter/mini-project/system/Common.php(1097): CodeIgniter\View\View->render('pages/penjualan...', Array, true)
#6 /Users/muhammadagussuryadi/asryd/PROJECT/codeigniter/mini-project/app/Controllers/PenjualanController.php(23): view('pages/penjualan...', Array)
#7 /Users/muhammadagussuryadi/asryd/PROJECT/codeigniter/mini-project/system/CodeIgniter.php(824): App\Controllers\PenjualanController->index()
#8 /Users/muhammadagussuryadi/asryd/PROJECT/codeigniter/mini-project/system/CodeIgniter.php(410): CodeIgniter\CodeIgniter->runController(Object(App\Controllers\PenjualanController))
#9 /Users/muhammadagussuryadi/asryd/PROJECT/codeigniter/mini-project/system/CodeIgniter.php(318): CodeIgniter\CodeIgniter->handleRequest(NULL, Object(Config\Cache), false)
#10 /Users/muhammadagussuryadi/asryd/PROJECT/codeigniter/mini-project/public/index.php(37): CodeIgniter\CodeIgniter->run()
#11 /Users/muhammadagussuryadi/asryd/PROJECT/codeigniter/mini-project/system/Commands/Server/rewrite.php(43): require_once('/Users/muhammad...')
#12 {main}
CRITICAL - 2022-03-02 03:01:15 --> Invalid file: pages/pelanggan/component/form.php
#0 /Users/muhammadagussuryadi/asryd/PROJECT/codeigniter/mini-project/system/View/View.php(198): CodeIgniter\Exceptions\FrameworkException::forInvalidFile('pages/pelanggan...')
#1 /Users/muhammadagussuryadi/asryd/PROJECT/codeigniter/mini-project/system/View/View.php(432): CodeIgniter\View\View->render('pages/pelanggan...', NULL, true)
#2 /Users/muhammadagussuryadi/asryd/PROJECT/codeigniter/mini-project/app/Views/pages/penjualan/index.php(22): CodeIgniter\View\View->include('pages/pelanggan...')
#3 /Users/muhammadagussuryadi/asryd/PROJECT/codeigniter/mini-project/system/View/View.php(214): include('/Users/muhammad...')
#4 /Users/muhammadagussuryadi/asryd/PROJECT/codeigniter/mini-project/system/View/View.php(217): CodeIgniter\View\View->CodeIgniter\View\{closure}()
#5 /Users/muhammadagussuryadi/asryd/PROJECT/codeigniter/mini-project/system/Common.php(1097): CodeIgniter\View\View->render('pages/penjualan...', Array, true)
#6 /Users/muhammadagussuryadi/asryd/PROJECT/codeigniter/mini-project/app/Controllers/PenjualanController.php(23): view('pages/penjualan...', Array)
#7 /Users/muhammadagussuryadi/asryd/PROJECT/codeigniter/mini-project/system/CodeIgniter.php(824): App\Controllers\PenjualanController->index()
#8 /Users/muhammadagussuryadi/asryd/PROJECT/codeigniter/mini-project/system/CodeIgniter.php(410): CodeIgniter\CodeIgniter->runController(Object(App\Controllers\PenjualanController))
#9 /Users/muhammadagussuryadi/asryd/PROJECT/codeigniter/mini-project/system/CodeIgniter.php(318): CodeIgniter\CodeIgniter->handleRequest(NULL, Object(Config\Cache), false)
#10 /Users/muhammadagussuryadi/asryd/PROJECT/codeigniter/mini-project/public/index.php(37): CodeIgniter\CodeIgniter->run()
#11 /Users/muhammadagussuryadi/asryd/PROJECT/codeigniter/mini-project/system/Commands/Server/rewrite.php(43): require_once('/Users/muhammad...')
#12 {main}
CRITICAL - 2022-03-02 03:32:19 --> Call to undefined method CodeIgniter\Session\Session::login_session()
#0 /Users/muhammadagussuryadi/asryd/PROJECT/codeigniter/mini-project/system/CodeIgniter.php(824): App\Controllers\DashboardController->index()
#1 /Users/muhammadagussuryadi/asryd/PROJECT/codeigniter/mini-project/system/CodeIgniter.php(410): CodeIgniter\CodeIgniter->runController(Object(App\Controllers\DashboardController))
#2 /Users/muhammadagussuryadi/asryd/PROJECT/codeigniter/mini-project/system/CodeIgniter.php(318): CodeIgniter\CodeIgniter->handleRequest(NULL, Object(Config\Cache), false)
#3 /Users/muhammadagussuryadi/asryd/PROJECT/codeigniter/mini-project/public/index.php(37): CodeIgniter\CodeIgniter->run()
#4 /Users/muhammadagussuryadi/asryd/PROJECT/codeigniter/mini-project/system/Commands/Server/rewrite.php(43): require_once('/Users/muhammad...')
#5 {main}
CRITICAL - 2022-03-02 07:31:58 --> 22 : The requested URL returned error: 401
#0 /Users/muhammadagussuryadi/asryd/PROJECT/codeigniter/mini-project/system/HTTP/CURLRequest.php(656): CodeIgniter\HTTP\Exceptions\HTTPException::forCurlError('22', 'The requested U...')
#1 /Users/muhammadagussuryadi/asryd/PROJECT/codeigniter/mini-project/system/HTTP/CURLRequest.php(364): CodeIgniter\HTTP\CURLRequest->sendRequest(Array)
#2 /Users/muhammadagussuryadi/asryd/PROJECT/codeigniter/mini-project/system/HTTP/CURLRequest.php(140): CodeIgniter\HTTP\CURLRequest->send('get', 'http://127.0.0....')
#3 /Users/muhammadagussuryadi/asryd/PROJECT/codeigniter/mini-project/system/HTTP/CURLRequest.php(170): CodeIgniter\HTTP\CURLRequest->request('get', 'http://127.0.0....', Array)
#4 /Users/muhammadagussuryadi/asryd/PROJECT/codeigniter/mini-project/app/Controllers/PenjualanController.php(30): CodeIgniter\HTTP\CURLRequest->get('http://127.0.0....', Array)
#5 /Users/muhammadagussuryadi/asryd/PROJECT/codeigniter/mini-project/app/Controllers/PenjualanController.php(22): App\Controllers\PenjualanController->get()
#6 /Users/muhammadagussuryadi/asryd/PROJECT/codeigniter/mini-project/system/CodeIgniter.php(824): App\Controllers\PenjualanController->index()
#7 /Users/muhammadagussuryadi/asryd/PROJECT/codeigniter/mini-project/system/CodeIgniter.php(410): CodeIgniter\CodeIgniter->runController(Object(App\Controllers\PenjualanController))
#8 /Users/muhammadagussuryadi/asryd/PROJECT/codeigniter/mini-project/system/CodeIgniter.php(318): CodeIgniter\CodeIgniter->handleRequest(NULL, Object(Config\Cache), false)
#9 /Users/muhammadagussuryadi/asryd/PROJECT/codeigniter/mini-project/public/index.php(37): CodeIgniter\CodeIgniter->run()
#10 /Users/muhammadagussuryadi/asryd/PROJECT/codeigniter/mini-project/system/Commands/Server/rewrite.php(43): require_once('/Users/muhammad...')
#11 {main}
CRITICAL - 2022-03-02 07:32:01 --> 22 : The requested URL returned error: 401
#0 /Users/muhammadagussuryadi/asryd/PROJECT/codeigniter/mini-project/system/HTTP/CURLRequest.php(656): CodeIgniter\HTTP\Exceptions\HTTPException::forCurlError('22', 'The requested U...')
#1 /Users/muhammadagussuryadi/asryd/PROJECT/codeigniter/mini-project/system/HTTP/CURLRequest.php(364): CodeIgniter\HTTP\CURLRequest->sendRequest(Array)
#2 /Users/muhammadagussuryadi/asryd/PROJECT/codeigniter/mini-project/system/HTTP/CURLRequest.php(140): CodeIgniter\HTTP\CURLRequest->send('get', 'http://127.0.0....')
#3 /Users/muhammadagussuryadi/asryd/PROJECT/codeigniter/mini-project/system/HTTP/CURLRequest.php(170): CodeIgniter\HTTP\CURLRequest->request('get', 'http://127.0.0....', Array)
#4 /Users/muhammadagussuryadi/asryd/PROJECT/codeigniter/mini-project/app/Controllers/PenjualanController.php(30): CodeIgniter\HTTP\CURLRequest->get('http://127.0.0....', Array)
#5 /Users/muhammadagussuryadi/asryd/PROJECT/codeigniter/mini-project/app/Controllers/PenjualanController.php(22): App\Controllers\PenjualanController->get()
#6 /Users/muhammadagussuryadi/asryd/PROJECT/codeigniter/mini-project/system/CodeIgniter.php(824): App\Controllers\PenjualanController->index()
#7 /Users/muhammadagussuryadi/asryd/PROJECT/codeigniter/mini-project/system/CodeIgniter.php(410): CodeIgniter\CodeIgniter->runController(Object(App\Controllers\PenjualanController))
#8 /Users/muhammadagussuryadi/asryd/PROJECT/codeigniter/mini-project/system/CodeIgniter.php(318): CodeIgniter\CodeIgniter->handleRequest(NULL, Object(Config\Cache), false)
#9 /Users/muhammadagussuryadi/asryd/PROJECT/codeigniter/mini-project/public/index.php(37): CodeIgniter\CodeIgniter->run()
#10 /Users/muhammadagussuryadi/asryd/PROJECT/codeigniter/mini-project/system/Commands/Server/rewrite.php(43): require_once('/Users/muhammad...')
#11 {main}
CRITICAL - 2022-03-02 08:18:25 --> 22 : The requested URL returned error: 500
#0 /Users/muhammadagussuryadi/asryd/PROJECT/codeigniter/mini-project/system/HTTP/CURLRequest.php(656): CodeIgniter\HTTP\Exceptions\HTTPException::forCurlError('22', 'The requested U...')
#1 /Users/muhammadagussuryadi/asryd/PROJECT/codeigniter/mini-project/system/HTTP/CURLRequest.php(364): CodeIgniter\HTTP\CURLRequest->sendRequest(Array)
#2 /Users/muhammadagussuryadi/asryd/PROJECT/codeigniter/mini-project/system/HTTP/CURLRequest.php(140): CodeIgniter\HTTP\CURLRequest->send('post', 'http://127.0.0....')
#3 /Users/muhammadagussuryadi/asryd/PROJECT/codeigniter/mini-project/system/HTTP/CURLRequest.php(210): CodeIgniter\HTTP\CURLRequest->request('post', 'http://127.0.0....', Array)
#4 /Users/muhammadagussuryadi/asryd/PROJECT/codeigniter/mini-project/app/Controllers/PelangganController.php(59): CodeIgniter\HTTP\CURLRequest->post('http://127.0.0....', Array)
#5 /Users/muhammadagussuryadi/asryd/PROJECT/codeigniter/mini-project/system/CodeIgniter.php(824): App\Controllers\PelangganController->post()
#6 /Users/muhammadagussuryadi/asryd/PROJECT/codeigniter/mini-project/system/CodeIgniter.php(410): CodeIgniter\CodeIgniter->runController(Object(App\Controllers\PelangganController))
#7 /Users/muhammadagussuryadi/asryd/PROJECT/codeigniter/mini-project/system/CodeIgniter.php(318): CodeIgniter\CodeIgniter->handleRequest(NULL, Object(Config\Cache), false)
#8 /Users/muhammadagussuryadi/asryd/PROJECT/codeigniter/mini-project/public/index.php(37): CodeIgniter\CodeIgniter->run()
#9 /Users/muhammadagussuryadi/asryd/PROJECT/codeigniter/mini-project/system/Commands/Server/rewrite.php(43): require_once('/Users/muhammad...')
#10 {main}
CRITICAL - 2022-03-02 08:18:51 --> 22 : The requested URL returned error: 500
#0 /Users/muhammadagussuryadi/asryd/PROJECT/codeigniter/mini-project/system/HTTP/CURLRequest.php(656): CodeIgniter\HTTP\Exceptions\HTTPException::forCurlError('22', 'The requested U...')
#1 /Users/muhammadagussuryadi/asryd/PROJECT/codeigniter/mini-project/system/HTTP/CURLRequest.php(364): CodeIgniter\HTTP\CURLRequest->sendRequest(Array)
#2 /Users/muhammadagussuryadi/asryd/PROJECT/codeigniter/mini-project/system/HTTP/CURLRequest.php(140): CodeIgniter\HTTP\CURLRequest->send('post', 'http://127.0.0....')
#3 /Users/muhammadagussuryadi/asryd/PROJECT/codeigniter/mini-project/system/HTTP/CURLRequest.php(210): CodeIgniter\HTTP\CURLRequest->request('post', 'http://127.0.0....', Array)
#4 /Users/muhammadagussuryadi/asryd/PROJECT/codeigniter/mini-project/app/Controllers/PelangganController.php(59): CodeIgniter\HTTP\CURLRequest->post('http://127.0.0....', Array)
#5 /Users/muhammadagussuryadi/asryd/PROJECT/codeigniter/mini-project/system/CodeIgniter.php(824): App\Controllers\PelangganController->post()
#6 /Users/muhammadagussuryadi/asryd/PROJECT/codeigniter/mini-project/system/CodeIgniter.php(410): CodeIgniter\CodeIgniter->runController(Object(App\Controllers\PelangganController))
#7 /Users/muhammadagussuryadi/asryd/PROJECT/codeigniter/mini-project/system/CodeIgniter.php(318): CodeIgniter\CodeIgniter->handleRequest(NULL, Object(Config\Cache), false)
#8 /Users/muhammadagussuryadi/asryd/PROJECT/codeigniter/mini-project/public/index.php(37): CodeIgniter\CodeIgniter->run()
#9 /Users/muhammadagussuryadi/asryd/PROJECT/codeigniter/mini-project/system/Commands/Server/rewrite.php(43): require_once('/Users/muhammad...')
#10 {main}
CRITICAL - 2022-03-02 08:19:16 --> Use of undefined constant localStorage - assumed 'localStorage' (this will throw an Error in a future version of PHP)
#0 /Users/muhammadagussuryadi/asryd/PROJECT/codeigniter/mini-project/app/Controllers/PenjualanController.php(38): CodeIgniter\Debug\Exceptions->errorHandler(2, 'Use of undefine...', '/Users/muhammad...', 38, Array)
#1 /Users/muhammadagussuryadi/asryd/PROJECT/codeigniter/mini-project/system/CodeIgniter.php(824): App\Controllers\PenjualanController->post()
#2 /Users/muhammadagussuryadi/asryd/PROJECT/codeigniter/mini-project/system/CodeIgniter.php(410): CodeIgniter\CodeIgniter->runController(Object(App\Controllers\PenjualanController))
#3 /Users/muhammadagussuryadi/asryd/PROJECT/codeigniter/mini-project/system/CodeIgniter.php(318): CodeIgniter\CodeIgniter->handleRequest(NULL, Object(Config\Cache), false)
#4 /Users/muhammadagussuryadi/asryd/PROJECT/codeigniter/mini-project/public/index.php(37): CodeIgniter\CodeIgniter->run()
#5 /Users/muhammadagussuryadi/asryd/PROJECT/codeigniter/mini-project/system/Commands/Server/rewrite.php(43): require_once('/Users/muhammad...')
#6 {main}
CRITICAL - 2022-03-02 08:32:52 --> 22 : The requested URL returned error: 401
#0 /Users/muhammadagussuryadi/asryd/PROJECT/codeigniter/mini-project/system/HTTP/CURLRequest.php(656): CodeIgniter\HTTP\Exceptions\HTTPException::forCurlError('22', 'The requested U...')
#1 /Users/muhammadagussuryadi/asryd/PROJECT/codeigniter/mini-project/system/HTTP/CURLRequest.php(364): CodeIgniter\HTTP\CURLRequest->sendRequest(Array)
#2 /Users/muhammadagussuryadi/asryd/PROJECT/codeigniter/mini-project/system/HTTP/CURLRequest.php(140): CodeIgniter\HTTP\CURLRequest->send('get', 'http://127.0.0....')
#3 /Users/muhammadagussuryadi/asryd/PROJECT/codeigniter/mini-project/system/HTTP/CURLRequest.php(170): CodeIgniter\HTTP\CURLRequest->request('get', 'http://127.0.0....', Array)
#4 /Users/muhammadagussuryadi/asryd/PROJECT/codeigniter/mini-project/app/Controllers/PenjualanController.php(30): CodeIgniter\HTTP\CURLRequest->get('http://127.0.0....', Array)
#5 /Users/muhammadagussuryadi/asryd/PROJECT/codeigniter/mini-project/app/Controllers/PenjualanController.php(22): App\Controllers\PenjualanController->get()
#6 /Users/muhammadagussuryadi/asryd/PROJECT/codeigniter/mini-project/system/CodeIgniter.php(824): App\Controllers\PenjualanController->index()
#7 /Users/muhammadagussuryadi/asryd/PROJECT/codeigniter/mini-project/system/CodeIgniter.php(410): CodeIgniter\CodeIgniter->runController(Object(App\Controllers\PenjualanController))
#8 /Users/muhammadagussuryadi/asryd/PROJECT/codeigniter/mini-project/system/CodeIgniter.php(318): CodeIgniter\CodeIgniter->handleRequest(NULL, Object(Config\Cache), false)
#9 /Users/muhammadagussuryadi/asryd/PROJECT/codeigniter/mini-project/public/index.php(37): CodeIgniter\CodeIgniter->run()
#10 /Users/muhammadagussuryadi/asryd/PROJECT/codeigniter/mini-project/system/Commands/Server/rewrite.php(43): require_once('/Users/muhammad...')
#11 {main}
CRITICAL - 2022-03-02 08:32:54 --> 22 : The requested URL returned error: 401
#0 /Users/muhammadagussuryadi/asryd/PROJECT/codeigniter/mini-project/system/HTTP/CURLRequest.php(656): CodeIgniter\HTTP\Exceptions\HTTPException::forCurlError('22', 'The requested U...')
#1 /Users/muhammadagussuryadi/asryd/PROJECT/codeigniter/mini-project/system/HTTP/CURLRequest.php(364): CodeIgniter\HTTP\CURLRequest->sendRequest(Array)
#2 /Users/muhammadagussuryadi/asryd/PROJECT/codeigniter/mini-project/system/HTTP/CURLRequest.php(140): CodeIgniter\HTTP\CURLRequest->send('get', 'http://127.0.0....')
#3 /Users/muhammadagussuryadi/asryd/PROJECT/codeigniter/mini-project/system/HTTP/CURLRequest.php(170): CodeIgniter\HTTP\CURLRequest->request('get', 'http://127.0.0....', Array)
#4 /Users/muhammadagussuryadi/asryd/PROJECT/codeigniter/mini-project/app/Controllers/PenjualanController.php(30): CodeIgniter\HTTP\CURLRequest->get('http://127.0.0....', Array)
#5 /Users/muhammadagussuryadi/asryd/PROJECT/codeigniter/mini-project/app/Controllers/PenjualanController.php(22): App\Controllers\PenjualanController->get()
#6 /Users/muhammadagussuryadi/asryd/PROJECT/codeigniter/mini-project/system/CodeIgniter.php(824): App\Controllers\PenjualanController->index()
#7 /Users/muhammadagussuryadi/asryd/PROJECT/codeigniter/mini-project/system/CodeIgniter.php(410): CodeIgniter\CodeIgniter->runController(Object(App\Controllers\PenjualanController))
#8 /Users/muhammadagussuryadi/asryd/PROJECT/codeigniter/mini-project/system/CodeIgniter.php(318): CodeIgniter\CodeIgniter->handleRequest(NULL, Object(Config\Cache), false)
#9 /Users/muhammadagussuryadi/asryd/PROJECT/codeigniter/mini-project/public/index.php(37): CodeIgniter\CodeIgniter->run()
#10 /Users/muhammadagussuryadi/asryd/PROJECT/codeigniter/mini-project/system/Commands/Server/rewrite.php(43): require_once('/Users/muhammad...')
#11 {main}
CRITICAL - 2022-03-02 08:33:15 --> 22 : The requested URL returned error: 401
#0 /Users/muhammadagussuryadi/asryd/PROJECT/codeigniter/mini-project/system/HTTP/CURLRequest.php(656): CodeIgniter\HTTP\Exceptions\HTTPException::forCurlError('22', 'The requested U...')
#1 /Users/muhammadagussuryadi/asryd/PROJECT/codeigniter/mini-project/system/HTTP/CURLRequest.php(364): CodeIgniter\HTTP\CURLRequest->sendRequest(Array)
#2 /Users/muhammadagussuryadi/asryd/PROJECT/codeigniter/mini-project/system/HTTP/CURLRequest.php(140): CodeIgniter\HTTP\CURLRequest->send('get', 'http://127.0.0....')
#3 /Users/muhammadagussuryadi/asryd/PROJECT/codeigniter/mini-project/system/HTTP/CURLRequest.php(170): CodeIgniter\HTTP\CURLRequest->request('get', 'http://127.0.0....', Array)
#4 /Users/muhammadagussuryadi/asryd/PROJECT/codeigniter/mini-project/app/Controllers/PenjualanController.php(30): CodeIgniter\HTTP\CURLRequest->get('http://127.0.0....', Array)
#5 /Users/muhammadagussuryadi/asryd/PROJECT/codeigniter/mini-project/app/Controllers/PenjualanController.php(22): App\Controllers\PenjualanController->get()
#6 /Users/muhammadagussuryadi/asryd/PROJECT/codeigniter/mini-project/system/CodeIgniter.php(824): App\Controllers\PenjualanController->index()
#7 /Users/muhammadagussuryadi/asryd/PROJECT/codeigniter/mini-project/system/CodeIgniter.php(410): CodeIgniter\CodeIgniter->runController(Object(App\Controllers\PenjualanController))
#8 /Users/muhammadagussuryadi/asryd/PROJECT/codeigniter/mini-project/system/CodeIgniter.php(318): CodeIgniter\CodeIgniter->handleRequest(NULL, Object(Config\Cache), false)
#9 /Users/muhammadagussuryadi/asryd/PROJECT/codeigniter/mini-project/public/index.php(37): CodeIgniter\CodeIgniter->run()
#10 /Users/muhammadagussuryadi/asryd/PROJECT/codeigniter/mini-project/system/Commands/Server/rewrite.php(43): require_once('/Users/muhammad...')
#11 {main}
CRITICAL - 2022-03-02 08:35:26 --> 22 : The requested URL returned error: 500
#0 /Users/muhammadagussuryadi/asryd/PROJECT/codeigniter/mini-project/system/HTTP/CURLRequest.php(656): CodeIgniter\HTTP\Exceptions\HTTPException::forCurlError('22', 'The requested U...')
#1 /Users/muhammadagussuryadi/asryd/PROJECT/codeigniter/mini-project/system/HTTP/CURLRequest.php(364): CodeIgniter\HTTP\CURLRequest->sendRequest(Array)
#2 /Users/muhammadagussuryadi/asryd/PROJECT/codeigniter/mini-project/system/HTTP/CURLRequest.php(140): CodeIgniter\HTTP\CURLRequest->send('post', 'http://127.0.0....')
#3 /Users/muhammadagussuryadi/asryd/PROJECT/codeigniter/mini-project/system/HTTP/CURLRequest.php(210): CodeIgniter\HTTP\CURLRequest->request('post', 'http://127.0.0....', Array)
#4 /Users/muhammadagussuryadi/asryd/PROJECT/codeigniter/mini-project/app/Controllers/PenjualanController.php(56): CodeIgniter\HTTP\CURLRequest->post('http://127.0.0....', Array)
#5 /Users/muhammadagussuryadi/asryd/PROJECT/codeigniter/mini-project/system/CodeIgniter.php(824): App\Controllers\PenjualanController->post()
#6 /Users/muhammadagussuryadi/asryd/PROJECT/codeigniter/mini-project/system/CodeIgniter.php(410): CodeIgniter\CodeIgniter->runController(Object(App\Controllers\PenjualanController))
#7 /Users/muhammadagussuryadi/asryd/PROJECT/codeigniter/mini-project/system/CodeIgniter.php(318): CodeIgniter\CodeIgniter->handleRequest(NULL, Object(Config\Cache), false)
#8 /Users/muhammadagussuryadi/asryd/PROJECT/codeigniter/mini-project/public/index.php(37): CodeIgniter\CodeIgniter->run()
#9 /Users/muhammadagussuryadi/asryd/PROJECT/codeigniter/mini-project/system/Commands/Server/rewrite.php(43): require_once('/Users/muhammad...')
#10 {main}
CRITICAL - 2022-03-02 08:36:34 --> 22 : The requested URL returned error: 500
#0 /Users/muhammadagussuryadi/asryd/PROJECT/codeigniter/mini-project/system/HTTP/CURLRequest.php(656): CodeIgniter\HTTP\Exceptions\HTTPException::forCurlError('22', 'The requested U...')
#1 /Users/muhammadagussuryadi/asryd/PROJECT/codeigniter/mini-project/system/HTTP/CURLRequest.php(364): CodeIgniter\HTTP\CURLRequest->sendRequest(Array)
#2 /Users/muhammadagussuryadi/asryd/PROJECT/codeigniter/mini-project/system/HTTP/CURLRequest.php(140): CodeIgniter\HTTP\CURLRequest->send('post', 'http://127.0.0....')
#3 /Users/muhammadagussuryadi/asryd/PROJECT/codeigniter/mini-project/system/HTTP/CURLRequest.php(210): CodeIgniter\HTTP\CURLRequest->request('post', 'http://127.0.0....', Array)
#4 /Users/muhammadagussuryadi/asryd/PROJECT/codeigniter/mini-project/app/Controllers/PenjualanController.php(60): CodeIgniter\HTTP\CURLRequest->post('http://127.0.0....', Array)
#5 /Users/muhammadagussuryadi/asryd/PROJECT/codeigniter/mini-project/system/CodeIgniter.php(824): App\Controllers\PenjualanController->post()
#6 /Users/muhammadagussuryadi/asryd/PROJECT/codeigniter/mini-project/system/CodeIgniter.php(410): CodeIgniter\CodeIgniter->runController(Object(App\Controllers\PenjualanController))
#7 /Users/muhammadagussuryadi/asryd/PROJECT/codeigniter/mini-project/system/CodeIgniter.php(318): CodeIgniter\CodeIgniter->handleRequest(NULL, Object(Config\Cache), false)
#8 /Users/muhammadagussuryadi/asryd/PROJECT/codeigniter/mini-project/public/index.php(37): CodeIgniter\CodeIgniter->run()
#9 /Users/muhammadagussuryadi/asryd/PROJECT/codeigniter/mini-project/system/Commands/Server/rewrite.php(43): require_once('/Users/muhammad...')
#10 {main}
CRITICAL - 2022-03-02 08:37:16 --> 22 : The requested URL returned error: 500
#0 /Users/muhammadagussuryadi/asryd/PROJECT/codeigniter/mini-project/system/HTTP/CURLRequest.php(656): CodeIgniter\HTTP\Exceptions\HTTPException::forCurlError('22', 'The requested U...')
#1 /Users/muhammadagussuryadi/asryd/PROJECT/codeigniter/mini-project/system/HTTP/CURLRequest.php(364): CodeIgniter\HTTP\CURLRequest->sendRequest(Array)
#2 /Users/muhammadagussuryadi/asryd/PROJECT/codeigniter/mini-project/system/HTTP/CURLRequest.php(140): CodeIgniter\HTTP\CURLRequest->send('post', 'http://127.0.0....')
#3 /Users/muhammadagussuryadi/asryd/PROJECT/codeigniter/mini-project/system/HTTP/CURLRequest.php(210): CodeIgniter\HTTP\CURLRequest->request('post', 'http://127.0.0....', Array)
#4 /Users/muhammadagussuryadi/asryd/PROJECT/codeigniter/mini-project/app/Controllers/PenjualanController.php(60): CodeIgniter\HTTP\CURLRequest->post('http://127.0.0....', Array)
#5 /Users/muhammadagussuryadi/asryd/PROJECT/codeigniter/mini-project/system/CodeIgniter.php(824): App\Controllers\PenjualanController->post()
#6 /Users/muhammadagussuryadi/asryd/PROJECT/codeigniter/mini-project/system/CodeIgniter.php(410): CodeIgniter\CodeIgniter->runController(Object(App\Controllers\PenjualanController))
#7 /Users/muhammadagussuryadi/asryd/PROJECT/codeigniter/mini-project/system/CodeIgniter.php(318): CodeIgniter\CodeIgniter->handleRequest(NULL, Object(Config\Cache), false)
#8 /Users/muhammadagussuryadi/asryd/PROJECT/codeigniter/mini-project/public/index.php(37): CodeIgniter\CodeIgniter->run()
#9 /Users/muhammadagussuryadi/asryd/PROJECT/codeigniter/mini-project/system/Commands/Server/rewrite.php(43): require_once('/Users/muhammad...')
#10 {main}
CRITICAL - 2022-03-02 09:29:52 --> Too few arguments to function App\Controllers\PenjualanController::getById(), 0 passed in /Users/muhammadagussuryadi/asryd/PROJECT/codeigniter/mini-project/app/Controllers/PenjualanController.php on line 22 and exactly 1 expected
#0 /Users/muhammadagussuryadi/asryd/PROJECT/codeigniter/mini-project/app/Controllers/PenjualanController.php(22): App\Controllers\PenjualanController->getById()
#1 /Users/muhammadagussuryadi/asryd/PROJECT/codeigniter/mini-project/system/CodeIgniter.php(824): App\Controllers\PenjualanController->index()
#2 /Users/muhammadagussuryadi/asryd/PROJECT/codeigniter/mini-project/system/CodeIgniter.php(410): CodeIgniter\CodeIgniter->runController(Object(App\Controllers\PenjualanController))
#3 /Users/muhammadagussuryadi/asryd/PROJECT/codeigniter/mini-project/system/CodeIgniter.php(318): CodeIgniter\CodeIgniter->handleRequest(NULL, Object(Config\Cache), false)
#4 /Users/muhammadagussuryadi/asryd/PROJECT/codeigniter/mini-project/public/index.php(37): CodeIgniter\CodeIgniter->run()
#5 /Users/muhammadagussuryadi/asryd/PROJECT/codeigniter/mini-project/system/Commands/Server/rewrite.php(43): require_once('/Users/muhammad...')
#6 {main}
CRITICAL - 2022-03-02 09:34:49 --> 22 : The requested URL returned error: 401
#0 /Users/muhammadagussuryadi/asryd/PROJECT/codeigniter/mini-project/system/HTTP/CURLRequest.php(656): CodeIgniter\HTTP\Exceptions\HTTPException::forCurlError('22', 'The requested U...')
#1 /Users/muhammadagussuryadi/asryd/PROJECT/codeigniter/mini-project/system/HTTP/CURLRequest.php(364): CodeIgniter\HTTP\CURLRequest->sendRequest(Array)
#2 /Users/muhammadagussuryadi/asryd/PROJECT/codeigniter/mini-project/system/HTTP/CURLRequest.php(140): CodeIgniter\HTTP\CURLRequest->send('get', 'http://127.0.0....')
#3 /Users/muhammadagussuryadi/asryd/PROJECT/codeigniter/mini-project/system/HTTP/CURLRequest.php(170): CodeIgniter\HTTP\CURLRequest->request('get', 'http://127.0.0....', Array)
#4 /Users/muhammadagussuryadi/asryd/PROJECT/codeigniter/mini-project/app/Controllers/PenjualanController.php(30): CodeIgniter\HTTP\CURLRequest->get('http://127.0.0....', Array)
#5 /Users/muhammadagussuryadi/asryd/PROJECT/codeigniter/mini-project/app/Controllers/PenjualanController.php(22): App\Controllers\PenjualanController->get()
#6 /Users/muhammadagussuryadi/asryd/PROJECT/codeigniter/mini-project/system/CodeIgniter.php(824): App\Controllers\PenjualanController->index()
#7 /Users/muhammadagussuryadi/asryd/PROJECT/codeigniter/mini-project/system/CodeIgniter.php(410): CodeIgniter\CodeIgniter->runController(Object(App\Controllers\PenjualanController))
#8 /Users/muhammadagussuryadi/asryd/PROJECT/codeigniter/mini-project/system/CodeIgniter.php(318): CodeIgniter\CodeIgniter->handleRequest(NULL, Object(Config\Cache), false)
#9 /Users/muhammadagussuryadi/asryd/PROJECT/codeigniter/mini-project/public/index.php(37): CodeIgniter\CodeIgniter->run()
#10 /Users/muhammadagussuryadi/asryd/PROJECT/codeigniter/mini-project/system/Commands/Server/rewrite.php(43): require_once('/Users/muhammad...')
#11 {main}
CRITICAL - 2022-03-02 09:58:32 --> 3 : 
#0 /Users/muhammadagussuryadi/asryd/PROJECT/codeigniter/mini-project/system/HTTP/CURLRequest.php(656): CodeIgniter\HTTP\Exceptions\HTTPException::forCurlError('3', '')
#1 /Users/muhammadagussuryadi/asryd/PROJECT/codeigniter/mini-project/system/HTTP/CURLRequest.php(364): CodeIgniter\HTTP\CURLRequest->sendRequest(Array)
#2 /Users/muhammadagussuryadi/asryd/PROJECT/codeigniter/mini-project/system/HTTP/CURLRequest.php(140): CodeIgniter\HTTP\CURLRequest->send('get', 'http://127.0.0....')
#3 /Users/muhammadagussuryadi/asryd/PROJECT/codeigniter/mini-project/system/HTTP/CURLRequest.php(170): CodeIgniter\HTTP\CURLRequest->request('get', 'http://127.0.0....', Array)
#4 /Users/muhammadagussuryadi/asryd/PROJECT/codeigniter/mini-project/app/Controllers/BarangController.php(41): CodeIgniter\HTTP\CURLRequest->get('http://127.0.0....', Array)
#5 /Users/muhammadagussuryadi/asryd/PROJECT/codeigniter/mini-project/system/CodeIgniter.php(824): App\Controllers\BarangController->getById('[object HTMLInp...')
#6 /Users/muhammadagussuryadi/asryd/PROJECT/codeigniter/mini-project/system/CodeIgniter.php(410): CodeIgniter\CodeIgniter->runController(Object(App\Controllers\BarangController))
#7 /Users/muhammadagussuryadi/asryd/PROJECT/codeigniter/mini-project/system/CodeIgniter.php(318): CodeIgniter\CodeIgniter->handleRequest(NULL, Object(Config\Cache), false)
#8 /Users/muhammadagussuryadi/asryd/PROJECT/codeigniter/mini-project/public/index.php(37): CodeIgniter\CodeIgniter->run()
#9 /Users/muhammadagussuryadi/asryd/PROJECT/codeigniter/mini-project/system/Commands/Server/rewrite.php(43): require_once('/Users/muhammad...')
#10 {main}
CRITICAL - 2022-03-02 09:58:33 --> 3 : 
#0 /Users/muhammadagussuryadi/asryd/PROJECT/codeigniter/mini-project/system/HTTP/CURLRequest.php(656): CodeIgniter\HTTP\Exceptions\HTTPException::forCurlError('3', '')
#1 /Users/muhammadagussuryadi/asryd/PROJECT/codeigniter/mini-project/system/HTTP/CURLRequest.php(364): CodeIgniter\HTTP\CURLRequest->sendRequest(Array)
#2 /Users/muhammadagussuryadi/asryd/PROJECT/codeigniter/mini-project/system/HTTP/CURLRequest.php(140): CodeIgniter\HTTP\CURLRequest->send('get', 'http://127.0.0....')
#3 /Users/muhammadagussuryadi/asryd/PROJECT/codeigniter/mini-project/system/HTTP/CURLRequest.php(170): CodeIgniter\HTTP\CURLRequest->request('get', 'http://127.0.0....', Array)
#4 /Users/muhammadagussuryadi/asryd/PROJECT/codeigniter/mini-project/app/Controllers/BarangController.php(41): CodeIgniter\HTTP\CURLRequest->get('http://127.0.0....', Array)
#5 /Users/muhammadagussuryadi/asryd/PROJECT/codeigniter/mini-project/system/CodeIgniter.php(824): App\Controllers\BarangController->getById('[object HTMLInp...')
#6 /Users/muhammadagussuryadi/asryd/PROJECT/codeigniter/mini-project/system/CodeIgniter.php(410): CodeIgniter\CodeIgniter->runController(Object(App\Controllers\BarangController))
#7 /Users/muhammadagussuryadi/asryd/PROJECT/codeigniter/mini-project/system/CodeIgniter.php(318): CodeIgniter\CodeIgniter->handleRequest(NULL, Object(Config\Cache), false)
#8 /Users/muhammadagussuryadi/asryd/PROJECT/codeigniter/mini-project/public/index.php(37): CodeIgniter\CodeIgniter->run()
#9 /Users/muhammadagussuryadi/asryd/PROJECT/codeigniter/mini-project/system/Commands/Server/rewrite.php(43): require_once('/Users/muhammad...')
#10 {main}
CRITICAL - 2022-03-02 09:58:33 --> 3 : 
#0 /Users/muhammadagussuryadi/asryd/PROJECT/codeigniter/mini-project/system/HTTP/CURLRequest.php(656): CodeIgniter\HTTP\Exceptions\HTTPException::forCurlError('3', '')
#1 /Users/muhammadagussuryadi/asryd/PROJECT/codeigniter/mini-project/system/HTTP/CURLRequest.php(364): CodeIgniter\HTTP\CURLRequest->sendRequest(Array)
#2 /Users/muhammadagussuryadi/asryd/PROJECT/codeigniter/mini-project/system/HTTP/CURLRequest.php(140): CodeIgniter\HTTP\CURLRequest->send('get', 'http://127.0.0....')
#3 /Users/muhammadagussuryadi/asryd/PROJECT/codeigniter/mini-project/system/HTTP/CURLRequest.php(170): CodeIgniter\HTTP\CURLRequest->request('get', 'http://127.0.0....', Array)
#4 /Users/muhammadagussuryadi/asryd/PROJECT/codeigniter/mini-project/app/Controllers/BarangController.php(41): CodeIgniter\HTTP\CURLRequest->get('http://127.0.0....', Array)
#5 /Users/muhammadagussuryadi/asryd/PROJECT/codeigniter/mini-project/system/CodeIgniter.php(824): App\Controllers\BarangController->getById('[object HTMLInp...')
#6 /Users/muhammadagussuryadi/asryd/PROJECT/codeigniter/mini-project/system/CodeIgniter.php(410): CodeIgniter\CodeIgniter->runController(Object(App\Controllers\BarangController))
#7 /Users/muhammadagussuryadi/asryd/PROJECT/codeigniter/mini-project/system/CodeIgniter.php(318): CodeIgniter\CodeIgniter->handleRequest(NULL, Object(Config\Cache), false)
#8 /Users/muhammadagussuryadi/asryd/PROJECT/codeigniter/mini-project/public/index.php(37): CodeIgniter\CodeIgniter->run()
#9 /Users/muhammadagussuryadi/asryd/PROJECT/codeigniter/mini-project/system/Commands/Server/rewrite.php(43): require_once('/Users/muhammad...')
#10 {main}
CRITICAL - 2022-03-02 09:58:35 --> 3 : 
#0 /Users/muhammadagussuryadi/asryd/PROJECT/codeigniter/mini-project/system/HTTP/CURLRequest.php(656): CodeIgniter\HTTP\Exceptions\HTTPException::forCurlError('3', '')
#1 /Users/muhammadagussuryadi/asryd/PROJECT/codeigniter/mini-project/system/HTTP/CURLRequest.php(364): CodeIgniter\HTTP\CURLRequest->sendRequest(Array)
#2 /Users/muhammadagussuryadi/asryd/PROJECT/codeigniter/mini-project/system/HTTP/CURLRequest.php(140): CodeIgniter\HTTP\CURLRequest->send('get', 'http://127.0.0....')
#3 /Users/muhammadagussuryadi/asryd/PROJECT/codeigniter/mini-project/system/HTTP/CURLRequest.php(170): CodeIgniter\HTTP\CURLRequest->request('get', 'http://127.0.0....', Array)
#4 /Users/muhammadagussuryadi/asryd/PROJECT/codeigniter/mini-project/app/Controllers/BarangController.php(41): CodeIgniter\HTTP\CURLRequest->get('http://127.0.0....', Array)
#5 /Users/muhammadagussuryadi/asryd/PROJECT/codeigniter/mini-project/system/CodeIgniter.php(824): App\Controllers\BarangController->getById('[object HTMLInp...')
#6 /Users/muhammadagussuryadi/asryd/PROJECT/codeigniter/mini-project/system/CodeIgniter.php(410): CodeIgniter\CodeIgniter->runController(Object(App\Controllers\BarangController))
#7 /Users/muhammadagussuryadi/asryd/PROJECT/codeigniter/mini-project/system/CodeIgniter.php(318): CodeIgniter\CodeIgniter->handleRequest(NULL, Object(Config\Cache), false)
#8 /Users/muhammadagussuryadi/asryd/PROJECT/codeigniter/mini-project/public/index.php(37): CodeIgniter\CodeIgniter->run()
#9 /Users/muhammadagussuryadi/asryd/PROJECT/codeigniter/mini-project/system/Commands/Server/rewrite.php(43): require_once('/Users/muhammad...')
#10 {main}
CRITICAL - 2022-03-02 09:58:36 --> 3 : 
#0 /Users/muhammadagussuryadi/asryd/PROJECT/codeigniter/mini-project/system/HTTP/CURLRequest.php(656): CodeIgniter\HTTP\Exceptions\HTTPException::forCurlError('3', '')
#1 /Users/muhammadagussuryadi/asryd/PROJECT/codeigniter/mini-project/system/HTTP/CURLRequest.php(364): CodeIgniter\HTTP\CURLRequest->sendRequest(Array)
#2 /Users/muhammadagussuryadi/asryd/PROJECT/codeigniter/mini-project/system/HTTP/CURLRequest.php(140): CodeIgniter\HTTP\CURLRequest->send('get', 'http://127.0.0....')
#3 /Users/muhammadagussuryadi/asryd/PROJECT/codeigniter/mini-project/system/HTTP/CURLRequest.php(170): CodeIgniter\HTTP\CURLRequest->request('get', 'http://127.0.0....', Array)
#4 /Users/muhammadagussuryadi/asryd/PROJECT/codeigniter/mini-project/app/Controllers/BarangController.php(41): CodeIgniter\HTTP\CURLRequest->get('http://127.0.0....', Array)
#5 /Users/muhammadagussuryadi/asryd/PROJECT/codeigniter/mini-project/system/CodeIgniter.php(824): App\Controllers\BarangController->getById('[object HTMLInp...')
#6 /Users/muhammadagussuryadi/asryd/PROJECT/codeigniter/mini-project/system/CodeIgniter.php(410): CodeIgniter\CodeIgniter->runController(Object(App\Controllers\BarangController))
#7 /Users/muhammadagussuryadi/asryd/PROJECT/codeigniter/mini-project/system/CodeIgniter.php(318): CodeIgniter\CodeIgniter->handleRequest(NULL, Object(Config\Cache), false)
#8 /Users/muhammadagussuryadi/asryd/PROJECT/codeigniter/mini-project/public/index.php(37): CodeIgniter\CodeIgniter->run()
#9 /Users/muhammadagussuryadi/asryd/PROJECT/codeigniter/mini-project/system/Commands/Server/rewrite.php(43): require_once('/Users/muhammad...')
#10 {main}
CRITICAL - 2022-03-02 09:58:38 --> 3 : 
#0 /Users/muhammadagussuryadi/asryd/PROJECT/codeigniter/mini-project/system/HTTP/CURLRequest.php(656): CodeIgniter\HTTP\Exceptions\HTTPException::forCurlError('3', '')
#1 /Users/muhammadagussuryadi/asryd/PROJECT/codeigniter/mini-project/system/HTTP/CURLRequest.php(364): CodeIgniter\HTTP\CURLRequest->sendRequest(Array)
#2 /Users/muhammadagussuryadi/asryd/PROJECT/codeigniter/mini-project/system/HTTP/CURLRequest.php(140): CodeIgniter\HTTP\CURLRequest->send('get', 'http://127.0.0....')
#3 /Users/muhammadagussuryadi/asryd/PROJECT/codeigniter/mini-project/system/HTTP/CURLRequest.php(170): CodeIgniter\HTTP\CURLRequest->request('get', 'http://127.0.0....', Array)
#4 /Users/muhammadagussuryadi/asryd/PROJECT/codeigniter/mini-project/app/Controllers/BarangController.php(41): CodeIgniter\HTTP\CURLRequest->get('http://127.0.0....', Array)
#5 /Users/muhammadagussuryadi/asryd/PROJECT/codeigniter/mini-project/system/CodeIgniter.php(824): App\Controllers\BarangController->getById('[object HTMLInp...')
#6 /Users/muhammadagussuryadi/asryd/PROJECT/codeigniter/mini-project/system/CodeIgniter.php(410): CodeIgniter\CodeIgniter->runController(Object(App\Controllers\BarangController))
#7 /Users/muhammadagussuryadi/asryd/PROJECT/codeigniter/mini-project/system/CodeIgniter.php(318): CodeIgniter\CodeIgniter->handleRequest(NULL, Object(Config\Cache), false)
#8 /Users/muhammadagussuryadi/asryd/PROJECT/codeigniter/mini-project/public/index.php(37): CodeIgniter\CodeIgniter->run()
#9 /Users/muhammadagussuryadi/asryd/PROJECT/codeigniter/mini-project/system/Commands/Server/rewrite.php(43): require_once('/Users/muhammad...')
#10 {main}
CRITICAL - 2022-03-02 09:58:38 --> 3 : 
#0 /Users/muhammadagussuryadi/asryd/PROJECT/codeigniter/mini-project/system/HTTP/CURLRequest.php(656): CodeIgniter\HTTP\Exceptions\HTTPException::forCurlError('3', '')
#1 /Users/muhammadagussuryadi/asryd/PROJECT/codeigniter/mini-project/system/HTTP/CURLRequest.php(364): CodeIgniter\HTTP\CURLRequest->sendRequest(Array)
#2 /Users/muhammadagussuryadi/asryd/PROJECT/codeigniter/mini-project/system/HTTP/CURLRequest.php(140): CodeIgniter\HTTP\CURLRequest->send('get', 'http://127.0.0....')
#3 /Users/muhammadagussuryadi/asryd/PROJECT/codeigniter/mini-project/system/HTTP/CURLRequest.php(170): CodeIgniter\HTTP\CURLRequest->request('get', 'http://127.0.0....', Array)
#4 /Users/muhammadagussuryadi/asryd/PROJECT/codeigniter/mini-project/app/Controllers/BarangController.php(41): CodeIgniter\HTTP\CURLRequest->get('http://127.0.0....', Array)
#5 /Users/muhammadagussuryadi/asryd/PROJECT/codeigniter/mini-project/system/CodeIgniter.php(824): App\Controllers\BarangController->getById('[object HTMLInp...')
#6 /Users/muhammadagussuryadi/asryd/PROJECT/codeigniter/mini-project/system/CodeIgniter.php(410): CodeIgniter\CodeIgniter->runController(Object(App\Controllers\BarangController))
#7 /Users/muhammadagussuryadi/asryd/PROJECT/codeigniter/mini-project/system/CodeIgniter.php(318): CodeIgniter\CodeIgniter->handleRequest(NULL, Object(Config\Cache), false)
#8 /Users/muhammadagussuryadi/asryd/PROJECT/codeigniter/mini-project/public/index.php(37): CodeIgniter\CodeIgniter->run()
#9 /Users/muhammadagussuryadi/asryd/PROJECT/codeigniter/mini-project/system/Commands/Server/rewrite.php(43): require_once('/Users/muhammad...')
#10 {main}
